{"@timestamp":"2024-11-13T02:52:22.788+0900","level":"INFO","msg":"Starting Application using Java 22.0.1 with PID 212996 (E:\\Code\\Centralized logging\\spring app 1\\out\\production\\classes started by USER in E:\\Code\\Centralized logging\\spring app 1)","thread_name":"main","logger_name":"com.hello.spring.Application"}
{"@timestamp":"2024-11-13T02:52:22.793+0900","level":"INFO","msg":"No active profile set, falling back to 1 default profile: \"default\"","thread_name":"main","logger_name":"com.hello.spring.Application"}
{"@timestamp":"2024-11-13T02:52:23.212+0900","level":"INFO","msg":"Tomcat initialized with port 8081 (http)","thread_name":"main","logger_name":"org.springframework.boot.web.embedded.tomcat.TomcatWebServer"}
{"@timestamp":"2024-11-13T02:52:23.229+0900","level":"INFO","msg":"Starting service [Tomcat]","thread_name":"main","logger_name":"org.apache.catalina.core.StandardService"}
{"@timestamp":"2024-11-13T02:52:23.229+0900","level":"INFO","msg":"Starting Servlet engine: [Apache Tomcat/10.1.31]","thread_name":"main","logger_name":"org.apache.catalina.core.StandardEngine"}
{"@timestamp":"2024-11-13T02:52:23.259+0900","level":"INFO","msg":"Initializing Spring embedded WebApplicationContext","thread_name":"main","logger_name":"org.apache.catalina.core.ContainerBase.[Tomcat].[localhost].[/]"}
{"@timestamp":"2024-11-13T02:52:23.259+0900","level":"INFO","msg":"Root WebApplicationContext: initialization completed in 447 ms","thread_name":"main","logger_name":"org.springframework.boot.web.servlet.context.ServletWebServerApplicationContext"}
{"@timestamp":"2024-11-13T02:52:23.433+0900","level":"INFO","msg":"Tomcat started on port 8081 (http) with context path '/'","thread_name":"main","logger_name":"org.springframework.boot.web.embedded.tomcat.TomcatWebServer"}
{"@timestamp":"2024-11-13T02:52:23.437+0900","level":"INFO","msg":"Started Application in 1.097 seconds (process running for 1.437)","thread_name":"main","logger_name":"com.hello.spring.Application"}
{"@timestamp":"2024-11-13T02:52:31.157+0900","level":"INFO","msg":"Initializing Spring DispatcherServlet 'dispatcherServlet'","thread_name":"http-nio-8081-exec-1","logger_name":"org.apache.catalina.core.ContainerBase.[Tomcat].[localhost].[/]"}
{"@timestamp":"2024-11-13T02:52:31.157+0900","level":"INFO","msg":"Initializing Servlet 'dispatcherServlet'","thread_name":"http-nio-8081-exec-1","logger_name":"org.springframework.web.servlet.DispatcherServlet"}
{"@timestamp":"2024-11-13T02:52:31.158+0900","level":"INFO","msg":"Completed initialization in 1 ms","thread_name":"http-nio-8081-exec-1","logger_name":"org.springframework.web.servlet.DispatcherServlet"}
{"@timestamp":"2024-11-13T02:52:31.178+0900","level":"INFO","msg":"Function 1 executed, info log added. Request ID: 89490840","thread_name":"http-nio-8081-exec-1","logger_name":"com.hello.spring.HelloController"}
{"@timestamp":"2024-11-13T02:52:31.179+0900","level":"INFO","msg":"Function 1 executed, info log added. Request ID: 89490840","thread_name":"http-nio-8081-exec-1","logger_name":"com.hello.spring.HelloController"}
{"@timestamp":"2024-11-13T02:52:31.179+0900","level":"INFO","msg":"Function 1 executed, info log added. Request ID: 89490840","thread_name":"http-nio-8081-exec-1","logger_name":"com.hello.spring.HelloController"}
{"@timestamp":"2024-11-13T02:52:31.990+0900","level":"INFO","msg":"Function 1 executed, info log added. Request ID: -343447678","thread_name":"http-nio-8081-exec-2","logger_name":"com.hello.spring.HelloController"}
{"@timestamp":"2024-11-13T02:52:31.991+0900","level":"INFO","msg":"Function 1 executed, info log added. Request ID: -343447678","thread_name":"http-nio-8081-exec-2","logger_name":"com.hello.spring.HelloController"}
{"@timestamp":"2024-11-13T02:52:32.520+0900","level":"INFO","msg":"Function 1 executed, info log added. Request ID: -1758053147","thread_name":"http-nio-8081-exec-4","logger_name":"com.hello.spring.HelloController"}
{"@timestamp":"2024-11-13T02:52:32.521+0900","level":"INFO","msg":"Function 1 executed, info log added. Request ID: -1758053147","thread_name":"http-nio-8081-exec-4","logger_name":"com.hello.spring.HelloController"}
{"@timestamp":"2024-11-13T02:52:32.521+0900","level":"INFO","msg":"Function 1 executed, info log added. Request ID: -1758053147","thread_name":"http-nio-8081-exec-4","logger_name":"com.hello.spring.HelloController"}
{"@timestamp":"2024-11-13T02:52:32.680+0900","level":"INFO","msg":"Function 1 executed, info log added. Request ID: 2142102012","thread_name":"http-nio-8081-exec-3","logger_name":"com.hello.spring.HelloController"}
{"@timestamp":"2024-11-13T02:52:32.681+0900","level":"INFO","msg":"Function 1 executed, info log added. Request ID: 2142102012","thread_name":"http-nio-8081-exec-3","logger_name":"com.hello.spring.HelloController"}
{"@timestamp":"2024-11-13T02:53:18.591+0900","level":"INFO","msg":"Starting Application using Java 22.0.1 with PID 211688 (E:\\Code\\Centralized logging\\spring app 1\\out\\production\\classes started by USER in E:\\Code\\Centralized logging\\spring app 1)","thread_name":"main","logger_name":"com.hello.spring.Application"}
{"@timestamp":"2024-11-13T02:53:18.597+0900","level":"INFO","msg":"No active profile set, falling back to 1 default profile: \"default\"","thread_name":"main","logger_name":"com.hello.spring.Application"}
{"@timestamp":"2024-11-13T02:53:19.038+0900","level":"INFO","msg":"Tomcat initialized with port 8081 (http)","thread_name":"main","logger_name":"org.springframework.boot.web.embedded.tomcat.TomcatWebServer"}
{"@timestamp":"2024-11-13T02:53:19.046+0900","level":"INFO","msg":"Starting service [Tomcat]","thread_name":"main","logger_name":"org.apache.catalina.core.StandardService"}
{"@timestamp":"2024-11-13T02:53:19.046+0900","level":"INFO","msg":"Starting Servlet engine: [Apache Tomcat/10.1.31]","thread_name":"main","logger_name":"org.apache.catalina.core.StandardEngine"}
{"@timestamp":"2024-11-13T02:53:19.075+0900","level":"INFO","msg":"Initializing Spring embedded WebApplicationContext","thread_name":"main","logger_name":"org.apache.catalina.core.ContainerBase.[Tomcat].[localhost].[/]"}
{"@timestamp":"2024-11-13T02:53:19.076+0900","level":"INFO","msg":"Root WebApplicationContext: initialization completed in 458 ms","thread_name":"main","logger_name":"org.springframework.boot.web.servlet.context.ServletWebServerApplicationContext"}
{"@timestamp":"2024-11-13T02:53:19.247+0900","level":"INFO","msg":"Tomcat started on port 8081 (http) with context path '/'","thread_name":"main","logger_name":"org.springframework.boot.web.embedded.tomcat.TomcatWebServer"}
{"@timestamp":"2024-11-13T02:53:19.253+0900","level":"INFO","msg":"Started Application in 1.162 seconds (process running for 1.5)","thread_name":"main","logger_name":"com.hello.spring.Application"}
{"@timestamp":"2024-11-13T02:53:24.428+0900","level":"INFO","msg":"Initializing Spring DispatcherServlet 'dispatcherServlet'","thread_name":"http-nio-8081-exec-1","logger_name":"org.apache.catalina.core.ContainerBase.[Tomcat].[localhost].[/]"}
{"@timestamp":"2024-11-13T02:53:24.429+0900","level":"INFO","msg":"Initializing Servlet 'dispatcherServlet'","thread_name":"http-nio-8081-exec-1","logger_name":"org.springframework.web.servlet.DispatcherServlet"}
{"@timestamp":"2024-11-13T02:53:24.430+0900","level":"INFO","msg":"Completed initialization in 1 ms","thread_name":"http-nio-8081-exec-1","logger_name":"org.springframework.web.servlet.DispatcherServlet"}
{"@timestamp":"2024-11-13T02:53:24.453+0900","level":"INFO","msg":"Function 1 executed, info log added. Request ID: -789114880","thread_name":"http-nio-8081-exec-1","logger_name":"com.hello.spring.HelloController"}
{"@timestamp":"2024-11-13T02:53:24.454+0900","level":"INFO","msg":"Function 1 executed, info log added. Request ID: -789114880","thread_name":"http-nio-8081-exec-1","logger_name":"com.hello.spring.HelloController"}
{"@timestamp":"2024-11-13T02:53:24.454+0900","level":"INFO","msg":"Function 1 executed, info log added. Request ID: -789114880","thread_name":"http-nio-8081-exec-1","logger_name":"com.hello.spring.HelloController"}
{"@timestamp":"2024-11-13T02:53:24.567+0900","level":"INFO","msg":"Function 1 executed, info log added. Request ID: 432400660","thread_name":"http-nio-8081-exec-2","logger_name":"com.hello.spring.HelloController"}
{"@timestamp":"2024-11-13T02:53:24.568+0900","level":"INFO","msg":"Function 1 executed, info log added. Request ID: 432400660","thread_name":"http-nio-8081-exec-2","logger_name":"com.hello.spring.HelloController"}
{"@timestamp":"2024-11-13T02:53:24.752+0900","level":"INFO","msg":"Function 1 executed, info log added. Request ID: -517919682","thread_name":"http-nio-8081-exec-3","logger_name":"com.hello.spring.HelloController"}
{"@timestamp":"2024-11-13T02:53:24.920+0900","level":"INFO","msg":"Function 1 executed, info log added. Request ID: -443338091","thread_name":"http-nio-8081-exec-4","logger_name":"com.hello.spring.HelloController"}
{"@timestamp":"2024-11-13T02:53:25.145+0900","level":"INFO","msg":"Function 1 executed, info log added. Request ID: 1461649035","thread_name":"http-nio-8081-exec-5","logger_name":"com.hello.spring.HelloController"}
{"@timestamp":"2024-11-13T02:53:25.352+0900","level":"INFO","msg":"Function 1 executed, info log added. Request ID: -1737518969","thread_name":"http-nio-8081-exec-6","logger_name":"com.hello.spring.HelloController"}
{"@timestamp":"2024-11-13T02:53:25.353+0900","level":"INFO","msg":"Function 1 executed, info log added. Request ID: -1737518969","thread_name":"http-nio-8081-exec-6","logger_name":"com.hello.spring.HelloController"}
{"@timestamp":"2024-11-13T02:53:57.080+0900","level":"INFO","msg":"Starting Application using Java 22.0.1 with PID 213260 (E:\\Code\\Centralized logging\\spring app 1\\out\\production\\classes started by USER in E:\\Code\\Centralized logging\\spring app 1)","thread_name":"main","logger_name":"com.hello.spring.Application"}
{"@timestamp":"2024-11-13T02:53:57.085+0900","level":"INFO","msg":"No active profile set, falling back to 1 default profile: \"default\"","thread_name":"main","logger_name":"com.hello.spring.Application"}
{"@timestamp":"2024-11-13T02:53:57.520+0900","level":"INFO","msg":"Tomcat initialized with port 8081 (http)","thread_name":"main","logger_name":"org.springframework.boot.web.embedded.tomcat.TomcatWebServer"}
{"@timestamp":"2024-11-13T02:53:57.527+0900","level":"INFO","msg":"Starting service [Tomcat]","thread_name":"main","logger_name":"org.apache.catalina.core.StandardService"}
{"@timestamp":"2024-11-13T02:53:57.528+0900","level":"INFO","msg":"Starting Servlet engine: [Apache Tomcat/10.1.31]","thread_name":"main","logger_name":"org.apache.catalina.core.StandardEngine"}
{"@timestamp":"2024-11-13T02:53:57.557+0900","level":"INFO","msg":"Initializing Spring embedded WebApplicationContext","thread_name":"main","logger_name":"org.apache.catalina.core.ContainerBase.[Tomcat].[localhost].[/]"}
{"@timestamp":"2024-11-13T02:53:57.558+0900","level":"INFO","msg":"Root WebApplicationContext: initialization completed in 452 ms","thread_name":"main","logger_name":"org.springframework.boot.web.servlet.context.ServletWebServerApplicationContext"}
{"@timestamp":"2024-11-13T02:53:57.753+0900","level":"INFO","msg":"Tomcat started on port 8081 (http) with context path '/'","thread_name":"main","logger_name":"org.springframework.boot.web.embedded.tomcat.TomcatWebServer"}
{"@timestamp":"2024-11-13T02:53:57.758+0900","level":"INFO","msg":"Started Application in 1.165 seconds (process running for 1.583)","thread_name":"main","logger_name":"com.hello.spring.Application"}
{"@timestamp":"2024-11-13T02:54:00.335+0900","level":"INFO","msg":"Initializing Spring DispatcherServlet 'dispatcherServlet'","thread_name":"http-nio-8081-exec-2","logger_name":"org.apache.catalina.core.ContainerBase.[Tomcat].[localhost].[/]"}
{"@timestamp":"2024-11-13T02:54:00.335+0900","level":"INFO","msg":"Initializing Servlet 'dispatcherServlet'","thread_name":"http-nio-8081-exec-2","logger_name":"org.springframework.web.servlet.DispatcherServlet"}
{"@timestamp":"2024-11-13T02:54:00.336+0900","level":"INFO","msg":"Completed initialization in 0 ms","thread_name":"http-nio-8081-exec-2","logger_name":"org.springframework.web.servlet.DispatcherServlet"}
{"@timestamp":"2024-11-13T02:54:00.481+0900","level":"INFO","msg":"Function 1 executed, info log added. Request ID: 253556953","thread_name":"http-nio-8081-exec-1","logger_name":"com.hello.spring.HelloController"}
{"@timestamp":"2024-11-13T02:54:00.841+0900","level":"INFO","msg":"Function 1 executed, info log added. Request ID: 1287456130","thread_name":"http-nio-8081-exec-3","logger_name":"com.hello.spring.HelloController"}
{"@timestamp":"2024-11-13T02:54:44.838+0900","level":"INFO","msg":"Starting Application using Java 22.0.1 with PID 221932 (E:\\Code\\Centralized logging\\spring app 1\\out\\production\\classes started by USER in E:\\Code\\Centralized logging\\spring app 1)","thread_name":"main","logger_name":"com.hello.spring.Application"}
{"@timestamp":"2024-11-13T02:54:44.844+0900","level":"INFO","msg":"No active profile set, falling back to 1 default profile: \"default\"","thread_name":"main","logger_name":"com.hello.spring.Application"}
{"@timestamp":"2024-11-13T02:54:45.274+0900","level":"INFO","msg":"Tomcat initialized with port 8081 (http)","thread_name":"main","logger_name":"org.springframework.boot.web.embedded.tomcat.TomcatWebServer"}
{"@timestamp":"2024-11-13T02:54:45.281+0900","level":"INFO","msg":"Starting service [Tomcat]","thread_name":"main","logger_name":"org.apache.catalina.core.StandardService"}
{"@timestamp":"2024-11-13T02:54:45.281+0900","level":"INFO","msg":"Starting Servlet engine: [Apache Tomcat/10.1.31]","thread_name":"main","logger_name":"org.apache.catalina.core.StandardEngine"}
{"@timestamp":"2024-11-13T02:54:45.308+0900","level":"INFO","msg":"Initializing Spring embedded WebApplicationContext","thread_name":"main","logger_name":"org.apache.catalina.core.ContainerBase.[Tomcat].[localhost].[/]"}
{"@timestamp":"2024-11-13T02:54:45.308+0900","level":"INFO","msg":"Root WebApplicationContext: initialization completed in 444 ms","thread_name":"main","logger_name":"org.springframework.boot.web.servlet.context.ServletWebServerApplicationContext"}
{"@timestamp":"2024-11-13T02:54:45.491+0900","level":"INFO","msg":"Tomcat started on port 8081 (http) with context path '/'","thread_name":"main","logger_name":"org.springframework.boot.web.embedded.tomcat.TomcatWebServer"}
{"@timestamp":"2024-11-13T02:54:45.496+0900","level":"INFO","msg":"Started Application in 1.128 seconds (process running for 1.515)","thread_name":"main","logger_name":"com.hello.spring.Application"}
{"@timestamp":"2024-11-13T02:54:46.979+0900","level":"INFO","msg":"Initializing Spring DispatcherServlet 'dispatcherServlet'","thread_name":"http-nio-8081-exec-1","logger_name":"org.apache.catalina.core.ContainerBase.[Tomcat].[localhost].[/]"}
{"@timestamp":"2024-11-13T02:54:46.980+0900","level":"INFO","msg":"Initializing Servlet 'dispatcherServlet'","thread_name":"http-nio-8081-exec-1","logger_name":"org.springframework.web.servlet.DispatcherServlet"}
{"@timestamp":"2024-11-13T02:54:46.981+0900","level":"INFO","msg":"Completed initialization in 1 ms","thread_name":"http-nio-8081-exec-1","logger_name":"org.springframework.web.servlet.DispatcherServlet"}
{"@timestamp":"2024-11-13T02:54:47.209+0900","level":"INFO","msg":"Function 1 executed, info log added. Request ID: 681772121","thread_name":"http-nio-8081-exec-2","logger_name":"com.hello.spring.HelloController"}
{"@timestamp":"2024-11-13T02:54:47.210+0900","level":"INFO","msg":"Function 1 executed, info log added. Request ID: 681772121","thread_name":"http-nio-8081-exec-2","logger_name":"com.hello.spring.HelloController"}
{"@timestamp":"2024-11-13T02:54:47.449+0900","level":"INFO","msg":"Function 1 executed, info log added. Request ID: 651440610","thread_name":"http-nio-8081-exec-3","logger_name":"com.hello.spring.HelloController"}
{"@timestamp":"2024-11-13T02:54:47.450+0900","level":"INFO","msg":"Function 1 executed, info log added. Request ID: 651440610","thread_name":"http-nio-8081-exec-3","logger_name":"com.hello.spring.HelloController"}
{"@timestamp":"2024-11-13T02:54:47.642+0900","level":"INFO","msg":"Function 1 executed, info log added. Request ID: -747876592","thread_name":"http-nio-8081-exec-4","logger_name":"com.hello.spring.HelloController"}
{"@timestamp":"2024-11-13T02:54:47.794+0900","level":"INFO","msg":"Function 1 executed, info log added. Request ID: -514103063","thread_name":"http-nio-8081-exec-5","logger_name":"com.hello.spring.HelloController"}
{"@timestamp":"2024-11-13T02:54:47.795+0900","level":"INFO","msg":"Function 1 executed, info log added. Request ID: -514103063","thread_name":"http-nio-8081-exec-5","logger_name":"com.hello.spring.HelloController"}
{"@timestamp":"2024-11-13T02:54:47.795+0900","level":"INFO","msg":"Function 1 executed, info log added. Request ID: -514103063","thread_name":"http-nio-8081-exec-5","logger_name":"com.hello.spring.HelloController"}
{"@timestamp":"2024-11-13T02:54:48.145+0900","level":"INFO","msg":"Function 1 executed, info log added. Request ID: 1409379681","thread_name":"http-nio-8081-exec-7","logger_name":"com.hello.spring.HelloController"}
{"@timestamp":"2024-11-13T02:54:48.145+0900","level":"INFO","msg":"Function 1 executed, info log added. Request ID: 1409379681","thread_name":"http-nio-8081-exec-7","logger_name":"com.hello.spring.HelloController"}
{"@timestamp":"2024-11-13T02:54:48.145+0900","level":"INFO","msg":"Function 1 executed, info log added. Request ID: 1409379681","thread_name":"http-nio-8081-exec-7","logger_name":"com.hello.spring.HelloController"}
{"@timestamp":"2024-11-13T02:54:48.145+0900","level":"INFO","msg":"Function 1 executed, info log added. Request ID: 1409379681","thread_name":"http-nio-8081-exec-7","logger_name":"com.hello.spring.HelloController"}
{"@timestamp":"2024-11-13T02:54:49.921+0900","level":"INFO","msg":"Function 1 executed, info log added. Request ID: 480068928","thread_name":"http-nio-8081-exec-9","logger_name":"com.hello.spring.HelloController"}
{"@timestamp":"2024-11-13T02:54:49.922+0900","level":"INFO","msg":"Function 1 executed, info log added. Request ID: 480068928","thread_name":"http-nio-8081-exec-9","logger_name":"com.hello.spring.HelloController"}
{"@timestamp":"2024-11-13T02:54:49.922+0900","level":"INFO","msg":"Function 1 executed, info log added. Request ID: 480068928","thread_name":"http-nio-8081-exec-9","logger_name":"com.hello.spring.HelloController"}
{"@timestamp":"2024-11-13T02:54:50.553+0900","level":"INFO","msg":"Function 1 executed, info log added. Request ID: 1789290623","thread_name":"http-nio-8081-exec-1","logger_name":"com.hello.spring.HelloController"}
{"@timestamp":"2024-11-13T02:54:50.553+0900","level":"INFO","msg":"Function 1 executed, info log added. Request ID: 1789290623","thread_name":"http-nio-8081-exec-1","logger_name":"com.hello.spring.HelloController"}
{"@timestamp":"2024-11-13T02:54:50.553+0900","level":"INFO","msg":"Function 1 executed, info log added. Request ID: 1789290623","thread_name":"http-nio-8081-exec-1","logger_name":"com.hello.spring.HelloController"}
{"@timestamp":"2024-11-13T02:54:51.152+0900","level":"INFO","msg":"Function 1 executed, info log added. Request ID: 50310283","thread_name":"http-nio-8081-exec-3","logger_name":"com.hello.spring.HelloController"}
{"@timestamp":"2024-11-13T02:54:51.152+0900","level":"INFO","msg":"Function 1 executed, info log added. Request ID: 50310283","thread_name":"http-nio-8081-exec-3","logger_name":"com.hello.spring.HelloController"}
{"@timestamp":"2024-11-13T02:54:51.152+0900","level":"INFO","msg":"Function 1 executed, info log added. Request ID: 50310283","thread_name":"http-nio-8081-exec-3","logger_name":"com.hello.spring.HelloController"}
{"@timestamp":"2024-11-13T02:54:51.152+0900","level":"INFO","msg":"Function 1 executed, info log added. Request ID: 50310283","thread_name":"http-nio-8081-exec-3","logger_name":"com.hello.spring.HelloController"}
{"@timestamp":"2024-11-13T02:54:51.345+0900","level":"INFO","msg":"Function 1 executed, info log added. Request ID: 274384739","thread_name":"http-nio-8081-exec-4","logger_name":"com.hello.spring.HelloController"}
{"@timestamp":"2024-11-13T02:54:51.345+0900","level":"INFO","msg":"Function 1 executed, info log added. Request ID: 274384739","thread_name":"http-nio-8081-exec-4","logger_name":"com.hello.spring.HelloController"}
{"@timestamp":"2024-11-13T02:54:51.345+0900","level":"INFO","msg":"Function 1 executed, info log added. Request ID: 274384739","thread_name":"http-nio-8081-exec-4","logger_name":"com.hello.spring.HelloController"}
{"@timestamp":"2024-11-13T02:54:51.345+0900","level":"INFO","msg":"Function 1 executed, info log added. Request ID: 274384739","thread_name":"http-nio-8081-exec-4","logger_name":"com.hello.spring.HelloController"}
{"@timestamp":"2024-11-13T02:54:51.345+0900","level":"INFO","msg":"Function 1 executed, info log added. Request ID: 274384739","thread_name":"http-nio-8081-exec-4","logger_name":"com.hello.spring.HelloController"}
{"@timestamp":"2024-11-13T02:55:34.191+0900","level":"INFO","msg":"Starting Application using Java 22.0.1 with PID 221728 (E:\\Code\\Centralized logging\\spring app 1\\out\\production\\classes started by USER in E:\\Code\\Centralized logging\\spring app 1)","thread_name":"main","logger_name":"com.hello.spring.Application"}
{"@timestamp":"2024-11-13T02:55:34.196+0900","level":"INFO","msg":"No active profile set, falling back to 1 default profile: \"default\"","thread_name":"main","logger_name":"com.hello.spring.Application"}
{"@timestamp":"2024-11-13T02:55:34.669+0900","level":"INFO","msg":"Tomcat initialized with port 8081 (http)","thread_name":"main","logger_name":"org.springframework.boot.web.embedded.tomcat.TomcatWebServer"}
{"@timestamp":"2024-11-13T02:55:34.676+0900","level":"INFO","msg":"Starting service [Tomcat]","thread_name":"main","logger_name":"org.apache.catalina.core.StandardService"}
{"@timestamp":"2024-11-13T02:55:34.676+0900","level":"INFO","msg":"Starting Servlet engine: [Apache Tomcat/10.1.31]","thread_name":"main","logger_name":"org.apache.catalina.core.StandardEngine"}
{"@timestamp":"2024-11-13T02:55:34.707+0900","level":"INFO","msg":"Initializing Spring embedded WebApplicationContext","thread_name":"main","logger_name":"org.apache.catalina.core.ContainerBase.[Tomcat].[localhost].[/]"}
{"@timestamp":"2024-11-13T02:55:34.707+0900","level":"INFO","msg":"Root WebApplicationContext: initialization completed in 491 ms","thread_name":"main","logger_name":"org.springframework.boot.web.servlet.context.ServletWebServerApplicationContext"}
{"@timestamp":"2024-11-13T02:55:34.907+0900","level":"INFO","msg":"Tomcat started on port 8081 (http) with context path '/'","thread_name":"main","logger_name":"org.springframework.boot.web.embedded.tomcat.TomcatWebServer"}
{"@timestamp":"2024-11-13T02:55:34.911+0900","level":"INFO","msg":"Started Application in 1.186 seconds (process running for 1.535)","thread_name":"main","logger_name":"com.hello.spring.Application"}
{"@timestamp":"2024-11-13T02:55:37.366+0900","level":"INFO","msg":"Initializing Spring DispatcherServlet 'dispatcherServlet'","thread_name":"http-nio-8081-exec-2","logger_name":"org.apache.catalina.core.ContainerBase.[Tomcat].[localhost].[/]"}
{"@timestamp":"2024-11-13T02:55:37.366+0900","level":"INFO","msg":"Initializing Servlet 'dispatcherServlet'","thread_name":"http-nio-8081-exec-2","logger_name":"org.springframework.web.servlet.DispatcherServlet"}
{"@timestamp":"2024-11-13T02:55:37.367+0900","level":"INFO","msg":"Completed initialization in 1 ms","thread_name":"http-nio-8081-exec-2","logger_name":"org.springframework.web.servlet.DispatcherServlet"}
{"@timestamp":"2024-11-13T02:55:37.507+0900","level":"INFO","msg":"Function 1 executed, info log added. Request ID: 1799519216","thread_name":"http-nio-8081-exec-1","logger_name":"com.hello.spring.HelloController"}
{"@timestamp":"2024-11-13T02:55:37.683+0900","level":"INFO","msg":"Function 1 executed, info log added. Request ID: 1640641585","thread_name":"http-nio-8081-exec-3","logger_name":"com.hello.spring.HelloController"}
{"@timestamp":"2024-11-13T02:55:37.875+0900","level":"INFO","msg":"Function 1 executed, info log added. Request ID: -1608696679","thread_name":"http-nio-8081-exec-4","logger_name":"com.hello.spring.HelloController"}
{"@timestamp":"2024-11-13T02:55:37.876+0900","level":"INFO","msg":"Function 1 executed, info log added. Request ID: -1608696679","thread_name":"http-nio-8081-exec-4","logger_name":"com.hello.spring.HelloController"}
{"@timestamp":"2024-11-13T02:55:38.243+0900","level":"INFO","msg":"Function 1 executed, info log added. Request ID: -1582479851","thread_name":"http-nio-8081-exec-6","logger_name":"com.hello.spring.HelloController"}
{"@timestamp":"2024-11-13T02:55:38.412+0900","level":"INFO","msg":"Function 1 executed, info log added. Request ID: -1453884285","thread_name":"http-nio-8081-exec-8","logger_name":"com.hello.spring.HelloController"}
{"@timestamp":"2024-11-13T02:55:38.412+0900","level":"INFO","msg":"Function 1 executed, info log added. Request ID: -1453884285","thread_name":"http-nio-8081-exec-8","logger_name":"com.hello.spring.HelloController"}
{"@timestamp":"2024-11-13T02:55:38.603+0900","level":"INFO","msg":"Function 1 executed, info log added. Request ID: -586625316","thread_name":"http-nio-8081-exec-7","logger_name":"com.hello.spring.HelloController"}
{"@timestamp":"2024-11-13T02:55:39.130+0900","level":"INFO","msg":"Function 1 executed, info log added. Request ID: 819855838","thread_name":"http-nio-8081-exec-3","logger_name":"com.hello.spring.HelloController"}
{"@timestamp":"2024-11-13T02:55:39.130+0900","level":"INFO","msg":"Function 1 executed, info log added. Request ID: 819855838","thread_name":"http-nio-8081-exec-3","logger_name":"com.hello.spring.HelloController"}
{"@timestamp":"2024-11-13T02:55:39.130+0900","level":"INFO","msg":"Function 1 executed, info log added. Request ID: 819855838","thread_name":"http-nio-8081-exec-3","logger_name":"com.hello.spring.HelloController"}
{"@timestamp":"2024-11-13T02:55:39.131+0900","level":"INFO","msg":"Function 1 executed, info log added. Request ID: 819855838","thread_name":"http-nio-8081-exec-3","logger_name":"com.hello.spring.HelloController"}
{"@timestamp":"2024-11-13T02:55:39.322+0900","level":"INFO","msg":"Function 1 executed, info log added. Request ID: -487636491","thread_name":"http-nio-8081-exec-4","logger_name":"com.hello.spring.HelloController"}
{"@timestamp":"2024-11-13T02:55:39.323+0900","level":"INFO","msg":"Function 1 executed, info log added. Request ID: -487636491","thread_name":"http-nio-8081-exec-4","logger_name":"com.hello.spring.HelloController"}
{"@timestamp":"2024-11-13T02:55:39.490+0900","level":"INFO","msg":"Function 1 executed, info log added. Request ID: 1974969403","thread_name":"http-nio-8081-exec-5","logger_name":"com.hello.spring.HelloController"}
{"@timestamp":"2024-11-13T02:55:39.490+0900","level":"INFO","msg":"Function 1 executed, info log added. Request ID: 1974969403","thread_name":"http-nio-8081-exec-5","logger_name":"com.hello.spring.HelloController"}
{"@timestamp":"2024-11-13T02:55:39.490+0900","level":"INFO","msg":"Function 1 executed, info log added. Request ID: 1974969403","thread_name":"http-nio-8081-exec-5","logger_name":"com.hello.spring.HelloController"}
