{"@timestamp":"2024-11-13T00:14:29.762+0600","level":"INFO","msg":"Starting Application using Java 22.0.1 with PID 221560 (E:\\Code\\Centralized logging\\spring app 1\\out\\production\\classes started by USER in E:\\Code\\Centralized logging\\spring app 1)","thread_name":"main","logger_name":"com.hello.spring.Application"}
{"@timestamp":"2024-11-13T00:14:29.769+0600","level":"INFO","msg":"No active profile set, falling back to 1 default profile: \"default\"","thread_name":"main","logger_name":"com.hello.spring.Application"}
{"@timestamp":"2024-11-13T00:14:30.345+0600","level":"INFO","msg":"Tomcat initialized with port 8081 (http)","thread_name":"main","logger_name":"org.springframework.boot.web.embedded.tomcat.TomcatWebServer"}
{"@timestamp":"2024-11-13T00:14:30.355+0600","level":"INFO","msg":"Starting service [Tomcat]","thread_name":"main","logger_name":"org.apache.catalina.core.StandardService"}
{"@timestamp":"2024-11-13T00:14:30.356+0600","level":"INFO","msg":"Starting Servlet engine: [Apache Tomcat/10.1.31]","thread_name":"main","logger_name":"org.apache.catalina.core.StandardEngine"}
{"@timestamp":"2024-11-13T00:14:30.386+0600","level":"INFO","msg":"Initializing Spring embedded WebApplicationContext","thread_name":"main","logger_name":"org.apache.catalina.core.ContainerBase.[Tomcat].[localhost].[/]"}
{"@timestamp":"2024-11-13T00:14:30.387+0600","level":"INFO","msg":"Root WebApplicationContext: initialization completed in 588 ms","thread_name":"main","logger_name":"org.springframework.boot.web.servlet.context.ServletWebServerApplicationContext"}
{"@timestamp":"2024-11-13T00:14:30.593+0600","level":"INFO","msg":"Tomcat started on port 8081 (http) with context path '/'","thread_name":"main","logger_name":"org.springframework.boot.web.embedded.tomcat.TomcatWebServer"}
{"@timestamp":"2024-11-13T00:14:30.598+0600","level":"INFO","msg":"Started Application in 1.325 seconds (process running for 1.644)","thread_name":"main","logger_name":"com.hello.spring.Application"}
{"@timestamp":"2024-11-13T00:14:41.391+0600","level":"INFO","msg":"Initializing Spring DispatcherServlet 'dispatcherServlet'","thread_name":"http-nio-8081-exec-1","logger_name":"org.apache.catalina.core.ContainerBase.[Tomcat].[localhost].[/]"}
{"@timestamp":"2024-11-13T00:14:41.392+0600","level":"INFO","msg":"Initializing Servlet 'dispatcherServlet'","thread_name":"http-nio-8081-exec-1","logger_name":"org.springframework.web.servlet.DispatcherServlet"}
{"@timestamp":"2024-11-13T00:14:41.393+0600","level":"INFO","msg":"Completed initialization in 0 ms","thread_name":"http-nio-8081-exec-1","logger_name":"org.springframework.web.servlet.DispatcherServlet"}
{"@timestamp":"2024-11-13T00:14:41.548+0600","level":"INFO","msg":"Function 1 executed, info log added. Request ID: -1570036447","thread_name":"http-nio-8081-exec-3","logger_name":"com.hello.spring.HelloController"}
{"@timestamp":"2024-11-13T00:14:41.548+0600","level":"INFO","msg":"Function 1 executed, info log added. Request ID: -1570036447","thread_name":"http-nio-8081-exec-3","logger_name":"com.hello.spring.HelloController"}
{"@timestamp":"2024-11-13T00:14:41.788+0600","level":"INFO","msg":"Function 1 executed, info log added. Request ID: -2057580354","thread_name":"http-nio-8081-exec-2","logger_name":"com.hello.spring.HelloController"}
{"@timestamp":"2024-11-13T00:14:41.789+0600","level":"INFO","msg":"Function 1 executed, info log added. Request ID: -2057580354","thread_name":"http-nio-8081-exec-2","logger_name":"com.hello.spring.HelloController"}
{"@timestamp":"2024-11-13T00:14:41.789+0600","level":"INFO","msg":"Function 1 executed, info log added. Request ID: -2057580354","thread_name":"http-nio-8081-exec-2","logger_name":"com.hello.spring.HelloController"}
{"@timestamp":"2024-11-13T00:14:41.789+0600","level":"INFO","msg":"Function 1 executed, info log added. Request ID: -2057580354","thread_name":"http-nio-8081-exec-2","logger_name":"com.hello.spring.HelloController"}
{"@timestamp":"2024-11-13T00:14:42.237+0600","level":"INFO","msg":"Function 1 executed, info log added. Request ID: 452715657","thread_name":"http-nio-8081-exec-5","logger_name":"com.hello.spring.HelloController"}
{"@timestamp":"2024-11-13T00:14:42.238+0600","level":"INFO","msg":"Function 1 executed, info log added. Request ID: 452715657","thread_name":"http-nio-8081-exec-5","logger_name":"com.hello.spring.HelloController"}
{"@timestamp":"2024-11-13T00:14:42.548+0600","level":"INFO","msg":"Function 1 executed, info log added. Request ID: -2139677072","thread_name":"http-nio-8081-exec-6","logger_name":"com.hello.spring.HelloController"}
{"@timestamp":"2024-11-13T00:14:42.939+0600","level":"INFO","msg":"Function 1 executed, info log added. Request ID: 429164591","thread_name":"http-nio-8081-exec-8","logger_name":"com.hello.spring.HelloController"}
{"@timestamp":"2024-11-13T00:14:42.940+0600","level":"INFO","msg":"Function 1 executed, info log added. Request ID: 429164591","thread_name":"http-nio-8081-exec-8","logger_name":"com.hello.spring.HelloController"}
{"@timestamp":"2024-11-13T00:14:43.124+0600","level":"INFO","msg":"Function 1 executed, info log added. Request ID: -1973093260","thread_name":"http-nio-8081-exec-9","logger_name":"com.hello.spring.HelloController"}
{"@timestamp":"2024-11-13T00:14:43.125+0600","level":"INFO","msg":"Function 1 executed, info log added. Request ID: -1973093260","thread_name":"http-nio-8081-exec-9","logger_name":"com.hello.spring.HelloController"}
{"@timestamp":"2024-11-13T00:14:43.125+0600","level":"INFO","msg":"Function 1 executed, info log added. Request ID: -1973093260","thread_name":"http-nio-8081-exec-9","logger_name":"com.hello.spring.HelloController"}
{"@timestamp":"2024-11-13T00:14:43.317+0600","level":"INFO","msg":"Function 1 executed, info log added. Request ID: 1951694326","thread_name":"http-nio-8081-exec-10","logger_name":"com.hello.spring.HelloController"}
{"@timestamp":"2024-11-13T00:15:38.493+0600","level":"INFO","msg":"Function 1 executed, info log added. Request ID: -2048786575","thread_name":"http-nio-8081-exec-4","logger_name":"com.hello.spring.HelloController"}
{"@timestamp":"2024-11-13T00:15:39.006+0600","level":"INFO","msg":"Function 1 executed, info log added. Request ID: -322325785","thread_name":"http-nio-8081-exec-6","logger_name":"com.hello.spring.HelloController"}
{"@timestamp":"2024-11-13T00:15:39.006+0600","level":"INFO","msg":"Function 1 executed, info log added. Request ID: -322325785","thread_name":"http-nio-8081-exec-6","logger_name":"com.hello.spring.HelloController"}
{"@timestamp":"2024-11-13T00:18:15.010+0600","level":"INFO","msg":"Starting Application using Java 22.0.1 with PID 227232 (E:\\Code\\Centralized logging\\spring app 1\\out\\production\\classes started by USER in E:\\Code\\Centralized logging\\spring app 1)","thread_name":"main","logger_name":"com.hello.spring.Application"}
{"@timestamp":"2024-11-13T00:18:15.015+0600","level":"INFO","msg":"No active profile set, falling back to 1 default profile: \"default\"","thread_name":"main","logger_name":"com.hello.spring.Application"}
{"@timestamp":"2024-11-13T00:18:15.513+0600","level":"INFO","msg":"Tomcat initialized with port 8081 (http)","thread_name":"main","logger_name":"org.springframework.boot.web.embedded.tomcat.TomcatWebServer"}
{"@timestamp":"2024-11-13T00:18:15.522+0600","level":"INFO","msg":"Starting service [Tomcat]","thread_name":"main","logger_name":"org.apache.catalina.core.StandardService"}
{"@timestamp":"2024-11-13T00:18:15.522+0600","level":"INFO","msg":"Starting Servlet engine: [Apache Tomcat/10.1.31]","thread_name":"main","logger_name":"org.apache.catalina.core.StandardEngine"}
{"@timestamp":"2024-11-13T00:18:15.551+0600","level":"INFO","msg":"Initializing Spring embedded WebApplicationContext","thread_name":"main","logger_name":"org.apache.catalina.core.ContainerBase.[Tomcat].[localhost].[/]"}
{"@timestamp":"2024-11-13T00:18:15.551+0600","level":"INFO","msg":"Root WebApplicationContext: initialization completed in 503 ms","thread_name":"main","logger_name":"org.springframework.boot.web.servlet.context.ServletWebServerApplicationContext"}
{"@timestamp":"2024-11-13T00:18:15.756+0600","level":"INFO","msg":"Tomcat started on port 8081 (http) with context path '/'","thread_name":"main","logger_name":"org.springframework.boot.web.embedded.tomcat.TomcatWebServer"}
{"@timestamp":"2024-11-13T00:18:15.761+0600","level":"INFO","msg":"Started Application in 1.351 seconds (process running for 2.062)","thread_name":"main","logger_name":"com.hello.spring.Application"}
{"@timestamp":"2024-11-13T00:18:24.069+0600","level":"INFO","msg":"Initializing Spring DispatcherServlet 'dispatcherServlet'","thread_name":"http-nio-8081-exec-1","logger_name":"org.apache.catalina.core.ContainerBase.[Tomcat].[localhost].[/]"}
{"@timestamp":"2024-11-13T00:18:24.069+0600","level":"INFO","msg":"Initializing Servlet 'dispatcherServlet'","thread_name":"http-nio-8081-exec-1","logger_name":"org.springframework.web.servlet.DispatcherServlet"}
{"@timestamp":"2024-11-13T00:18:24.070+0600","level":"INFO","msg":"Completed initialization in 1 ms","thread_name":"http-nio-8081-exec-1","logger_name":"org.springframework.web.servlet.DispatcherServlet"}
{"@timestamp":"2024-11-13T00:18:58.614+0600","level":"INFO","msg":"Function 1 executed, info log added. Request ID: 255077633","thread_name":"http-nio-8081-exec-2","logger_name":"com.hello.spring.HelloController"}
{"@timestamp":"2024-11-13T00:18:58.618+0600","level":"INFO","msg":"Function 1 executed, info log added. Request ID: 255077633","thread_name":"http-nio-8081-exec-2","logger_name":"com.hello.spring.HelloController"}
{"@timestamp":"2024-11-13T00:18:58.619+0600","level":"INFO","msg":"Function 1 executed, info log added. Request ID: 255077633","thread_name":"http-nio-8081-exec-2","logger_name":"com.hello.spring.HelloController"}
{"@timestamp":"2024-11-13T00:19:14.527+0600","level":"INFO","msg":"Starting Application using Java 22.0.1 with PID 227920 (E:\\Code\\Centralized logging\\spring app 1\\out\\production\\classes started by USER in E:\\Code\\Centralized logging\\spring app 1)","thread_name":"main","logger_name":"com.hello.spring.Application"}
{"@timestamp":"2024-11-13T00:19:14.532+0600","level":"INFO","msg":"No active profile set, falling back to 1 default profile: \"default\"","thread_name":"main","logger_name":"com.hello.spring.Application"}
{"@timestamp":"2024-11-13T00:19:15.065+0600","level":"INFO","msg":"Tomcat initialized with port 8081 (http)","thread_name":"main","logger_name":"org.springframework.boot.web.embedded.tomcat.TomcatWebServer"}
{"@timestamp":"2024-11-13T00:19:15.076+0600","level":"INFO","msg":"Starting service [Tomcat]","thread_name":"main","logger_name":"org.apache.catalina.core.StandardService"}
{"@timestamp":"2024-11-13T00:19:15.076+0600","level":"INFO","msg":"Starting Servlet engine: [Apache Tomcat/10.1.31]","thread_name":"main","logger_name":"org.apache.catalina.core.StandardEngine"}
{"@timestamp":"2024-11-13T00:19:15.106+0600","level":"INFO","msg":"Initializing Spring embedded WebApplicationContext","thread_name":"main","logger_name":"org.apache.catalina.core.ContainerBase.[Tomcat].[localhost].[/]"}
{"@timestamp":"2024-11-13T00:19:15.106+0600","level":"INFO","msg":"Root WebApplicationContext: initialization completed in 540 ms","thread_name":"main","logger_name":"org.springframework.boot.web.servlet.context.ServletWebServerApplicationContext"}
{"@timestamp":"2024-11-13T00:19:15.316+0600","level":"INFO","msg":"Tomcat started on port 8081 (http) with context path '/'","thread_name":"main","logger_name":"org.springframework.boot.web.embedded.tomcat.TomcatWebServer"}
{"@timestamp":"2024-11-13T00:19:15.320+0600","level":"INFO","msg":"Started Application in 1.288 seconds (process running for 1.725)","thread_name":"main","logger_name":"com.hello.spring.Application"}
{"@timestamp":"2024-11-13T00:19:18.022+0600","level":"INFO","msg":"Initializing Spring DispatcherServlet 'dispatcherServlet'","thread_name":"http-nio-8081-exec-1","logger_name":"org.apache.catalina.core.ContainerBase.[Tomcat].[localhost].[/]"}
{"@timestamp":"2024-11-13T00:19:18.022+0600","level":"INFO","msg":"Initializing Servlet 'dispatcherServlet'","thread_name":"http-nio-8081-exec-1","logger_name":"org.springframework.web.servlet.DispatcherServlet"}
{"@timestamp":"2024-11-13T00:19:18.023+0600","level":"INFO","msg":"Completed initialization in 0 ms","thread_name":"http-nio-8081-exec-1","logger_name":"org.springframework.web.servlet.DispatcherServlet"}
{"@timestamp":"2024-11-13T00:19:36.407+0600","level":"INFO","msg":"Function 1 executed, info log added. Request ID: 1154306349","thread_name":"http-nio-8081-exec-4","logger_name":"com.hello.spring.HelloController"}
{"@timestamp":"2024-11-13T00:19:37.223+0600","level":"INFO","msg":"Function 1 executed, info log added. Request ID: 1154306349","thread_name":"http-nio-8081-exec-4","logger_name":"com.hello.spring.HelloController"}
{"@timestamp":"2024-11-13T00:19:38.031+0600","level":"INFO","msg":"Function 1 executed, info log added. Request ID: 1154306349","thread_name":"http-nio-8081-exec-4","logger_name":"com.hello.spring.HelloController"}
{"@timestamp":"2024-11-13T00:19:38.791+0600","level":"INFO","msg":"Function 1 executed, info log added. Request ID: 1154306349","thread_name":"http-nio-8081-exec-4","logger_name":"com.hello.spring.HelloController"}
{"@timestamp":"2024-11-13T00:19:39.502+0600","level":"INFO","msg":"Function 1 executed, info log added. Request ID: 1154306349","thread_name":"http-nio-8081-exec-4","logger_name":"com.hello.spring.HelloController"}
{"@timestamp":"2024-11-13T00:27:23.916+0600","level":"INFO","msg":"Starting Application using Java 22.0.1 with PID 226968 (E:\\Code\\Centralized logging\\spring app 1\\out\\production\\classes started by USER in E:\\Code\\Centralized logging\\spring app 1)","thread_name":"main","logger_name":"com.hello.spring.Application"}
{"@timestamp":"2024-11-13T00:27:23.923+0600","level":"INFO","msg":"No active profile set, falling back to 1 default profile: \"default\"","thread_name":"main","logger_name":"com.hello.spring.Application"}
{"@timestamp":"2024-11-13T00:27:24.501+0600","level":"INFO","msg":"Tomcat initialized with port 8081 (http)","thread_name":"main","logger_name":"org.springframework.boot.web.embedded.tomcat.TomcatWebServer"}
{"@timestamp":"2024-11-13T00:27:24.512+0600","level":"INFO","msg":"Starting service [Tomcat]","thread_name":"main","logger_name":"org.apache.catalina.core.StandardService"}
{"@timestamp":"2024-11-13T00:27:24.512+0600","level":"INFO","msg":"Starting Servlet engine: [Apache Tomcat/10.1.31]","thread_name":"main","logger_name":"org.apache.catalina.core.StandardEngine"}
{"@timestamp":"2024-11-13T00:27:24.548+0600","level":"INFO","msg":"Initializing Spring embedded WebApplicationContext","thread_name":"main","logger_name":"org.apache.catalina.core.ContainerBase.[Tomcat].[localhost].[/]"}
{"@timestamp":"2024-11-13T00:27:24.548+0600","level":"INFO","msg":"Root WebApplicationContext: initialization completed in 598 ms","thread_name":"main","logger_name":"org.springframework.boot.web.servlet.context.ServletWebServerApplicationContext"}
{"@timestamp":"2024-11-13T00:27:24.777+0600","level":"INFO","msg":"Tomcat started on port 8081 (http) with context path '/'","thread_name":"main","logger_name":"org.springframework.boot.web.embedded.tomcat.TomcatWebServer"}
{"@timestamp":"2024-11-13T00:27:24.782+0600","level":"INFO","msg":"Started Application in 1.454 seconds (process running for 1.922)","thread_name":"main","logger_name":"com.hello.spring.Application"}
{"@timestamp":"2024-11-13T00:27:27.228+0600","level":"INFO","msg":"Initializing Spring DispatcherServlet 'dispatcherServlet'","thread_name":"http-nio-8081-exec-1","logger_name":"org.apache.catalina.core.ContainerBase.[Tomcat].[localhost].[/]"}
{"@timestamp":"2024-11-13T00:27:27.228+0600","level":"INFO","msg":"Initializing Servlet 'dispatcherServlet'","thread_name":"http-nio-8081-exec-1","logger_name":"org.springframework.web.servlet.DispatcherServlet"}
{"@timestamp":"2024-11-13T00:27:27.229+0600","level":"INFO","msg":"Completed initialization in 1 ms","thread_name":"http-nio-8081-exec-1","logger_name":"org.springframework.web.servlet.DispatcherServlet"}
{"@timestamp":"2024-11-13T00:27:27.248+0600","level":"INFO","msg":"Function 1 executed, info log added. Request ID: 908714705","thread_name":"http-nio-8081-exec-1","logger_name":"com.hello.spring.HelloController"}
{"@timestamp":"2024-11-13T00:27:27.250+0600","level":"INFO","msg":"Function 1 executed, info log added. Request ID: 908714705","thread_name":"http-nio-8081-exec-1","logger_name":"com.hello.spring.HelloController"}
{"@timestamp":"2024-11-13T00:27:29.072+0600","level":"INFO","msg":"Function 1 executed, info log added. Request ID: -912207264","thread_name":"http-nio-8081-exec-3","logger_name":"com.hello.spring.HelloController"}
{"@timestamp":"2024-11-13T00:27:29.073+0600","level":"INFO","msg":"Function 1 executed, info log added. Request ID: -912207264","thread_name":"http-nio-8081-exec-3","logger_name":"com.hello.spring.HelloController"}
{"@timestamp":"2024-11-13T00:27:29.529+0600","level":"INFO","msg":"Function 1 executed, info log added. Request ID: 1050968858","thread_name":"http-nio-8081-exec-4","logger_name":"com.hello.spring.HelloController"}
{"@timestamp":"2024-11-13T00:27:29.752+0600","level":"INFO","msg":"Function 1 executed, info log added. Request ID: -1081748131","thread_name":"http-nio-8081-exec-5","logger_name":"com.hello.spring.HelloController"}
{"@timestamp":"2024-11-13T00:27:29.753+0600","level":"INFO","msg":"Function 1 executed, info log added. Request ID: -1081748131","thread_name":"http-nio-8081-exec-5","logger_name":"com.hello.spring.HelloController"}
{"@timestamp":"2024-11-13T00:27:29.754+0600","level":"INFO","msg":"Function 1 executed, info log added. Request ID: -1081748131","thread_name":"http-nio-8081-exec-5","logger_name":"com.hello.spring.HelloController"}
{"@timestamp":"2024-11-13T00:27:29.961+0600","level":"INFO","msg":"Function 1 executed, info log added. Request ID: -2054277259","thread_name":"http-nio-8081-exec-6","logger_name":"com.hello.spring.HelloController"}
{"@timestamp":"2024-11-13T00:27:29.961+0600","level":"INFO","msg":"Function 1 executed, info log added. Request ID: -2054277259","thread_name":"http-nio-8081-exec-6","logger_name":"com.hello.spring.HelloController"}
{"@timestamp":"2024-11-13T00:27:29.961+0600","level":"INFO","msg":"Function 1 executed, info log added. Request ID: -2054277259","thread_name":"http-nio-8081-exec-6","logger_name":"com.hello.spring.HelloController"}
{"@timestamp":"2024-11-13T00:27:29.961+0600","level":"INFO","msg":"Function 1 executed, info log added. Request ID: -2054277259","thread_name":"http-nio-8081-exec-6","logger_name":"com.hello.spring.HelloController"}
{"@timestamp":"2024-11-13T00:27:30.153+0600","level":"INFO","msg":"Function 1 executed, info log added. Request ID: 1038754716","thread_name":"http-nio-8081-exec-7","logger_name":"com.hello.spring.HelloController"}
{"@timestamp":"2024-11-13T00:27:30.328+0600","level":"INFO","msg":"Function 1 executed, info log added. Request ID: 110689095","thread_name":"http-nio-8081-exec-8","logger_name":"com.hello.spring.HelloController"}
{"@timestamp":"2024-11-13T00:27:30.328+0600","level":"INFO","msg":"Function 1 executed, info log added. Request ID: 110689095","thread_name":"http-nio-8081-exec-8","logger_name":"com.hello.spring.HelloController"}
{"@timestamp":"2024-11-13T00:27:30.520+0600","level":"INFO","msg":"Function 1 executed, info log added. Request ID: -1953323743","thread_name":"http-nio-8081-exec-9","logger_name":"com.hello.spring.HelloController"}
{"@timestamp":"2024-11-13T00:27:30.729+0600","level":"INFO","msg":"Function 1 executed, info log added. Request ID: -1724947143","thread_name":"http-nio-8081-exec-10","logger_name":"com.hello.spring.HelloController"}
{"@timestamp":"2024-11-13T00:27:30.729+0600","level":"INFO","msg":"Function 1 executed, info log added. Request ID: -1724947143","thread_name":"http-nio-8081-exec-10","logger_name":"com.hello.spring.HelloController"}
{"@timestamp":"2024-11-13T00:27:30.729+0600","level":"INFO","msg":"Function 1 executed, info log added. Request ID: -1724947143","thread_name":"http-nio-8081-exec-10","logger_name":"com.hello.spring.HelloController"}
{"@timestamp":"2024-11-13T00:27:31.089+0600","level":"INFO","msg":"Function 1 executed, info log added. Request ID: 1220005973","thread_name":"http-nio-8081-exec-2","logger_name":"com.hello.spring.HelloController"}
{"@timestamp":"2024-11-13T00:27:31.265+0600","level":"INFO","msg":"Function 1 executed, info log added. Request ID: 1878643947","thread_name":"http-nio-8081-exec-3","logger_name":"com.hello.spring.HelloController"}
{"@timestamp":"2024-11-13T00:27:31.265+0600","level":"INFO","msg":"Function 1 executed, info log added. Request ID: 1878643947","thread_name":"http-nio-8081-exec-3","logger_name":"com.hello.spring.HelloController"}
{"@timestamp":"2024-11-13T00:27:31.265+0600","level":"INFO","msg":"Function 1 executed, info log added. Request ID: 1878643947","thread_name":"http-nio-8081-exec-3","logger_name":"com.hello.spring.HelloController"}
{"@timestamp":"2024-11-13T00:27:31.473+0600","level":"INFO","msg":"Function 1 executed, info log added. Request ID: -257202164","thread_name":"http-nio-8081-exec-4","logger_name":"com.hello.spring.HelloController"}
{"@timestamp":"2024-11-13T00:27:31.473+0600","level":"INFO","msg":"Function 1 executed, info log added. Request ID: -257202164","thread_name":"http-nio-8081-exec-4","logger_name":"com.hello.spring.HelloController"}
{"@timestamp":"2024-11-13T00:27:31.474+0600","level":"INFO","msg":"Function 1 executed, info log added. Request ID: -257202164","thread_name":"http-nio-8081-exec-4","logger_name":"com.hello.spring.HelloController"}
{"@timestamp":"2024-11-13T00:27:31.474+0600","level":"INFO","msg":"Function 1 executed, info log added. Request ID: -257202164","thread_name":"http-nio-8081-exec-4","logger_name":"com.hello.spring.HelloController"}
{"@timestamp":"2024-11-13T00:27:31.753+0600","level":"INFO","msg":"Function 1 executed, info log added. Request ID: 224632553","thread_name":"http-nio-8081-exec-5","logger_name":"com.hello.spring.HelloController"}
{"@timestamp":"2024-11-13T00:27:31.754+0600","level":"INFO","msg":"Function 1 executed, info log added. Request ID: 224632553","thread_name":"http-nio-8081-exec-5","logger_name":"com.hello.spring.HelloController"}
{"@timestamp":"2024-11-13T00:28:15.595+0600","level":"INFO","msg":"Starting Application using Java 22.0.1 with PID 231240 (E:\\Code\\Centralized logging\\spring app 1\\out\\production\\classes started by USER in E:\\Code\\Centralized logging\\spring app 1)","thread_name":"main","logger_name":"com.hello.spring.Application"}
{"@timestamp":"2024-11-13T00:28:15.601+0600","level":"INFO","msg":"No active profile set, falling back to 1 default profile: \"default\"","thread_name":"main","logger_name":"com.hello.spring.Application"}
{"@timestamp":"2024-11-13T00:28:16.020+0600","level":"INFO","msg":"Tomcat initialized with port 8081 (http)","thread_name":"main","logger_name":"org.springframework.boot.web.embedded.tomcat.TomcatWebServer"}
{"@timestamp":"2024-11-13T00:28:16.029+0600","level":"INFO","msg":"Starting service [Tomcat]","thread_name":"main","logger_name":"org.apache.catalina.core.StandardService"}
{"@timestamp":"2024-11-13T00:28:16.029+0600","level":"INFO","msg":"Starting Servlet engine: [Apache Tomcat/10.1.31]","thread_name":"main","logger_name":"org.apache.catalina.core.StandardEngine"}
{"@timestamp":"2024-11-13T00:28:16.067+0600","level":"INFO","msg":"Initializing Spring embedded WebApplicationContext","thread_name":"main","logger_name":"org.apache.catalina.core.ContainerBase.[Tomcat].[localhost].[/]"}
{"@timestamp":"2024-11-13T00:28:16.068+0600","level":"INFO","msg":"Root WebApplicationContext: initialization completed in 449 ms","thread_name":"main","logger_name":"org.springframework.boot.web.servlet.context.ServletWebServerApplicationContext"}
{"@timestamp":"2024-11-13T00:28:16.252+0600","level":"INFO","msg":"Tomcat started on port 8081 (http) with context path '/'","thread_name":"main","logger_name":"org.springframework.boot.web.embedded.tomcat.TomcatWebServer"}
{"@timestamp":"2024-11-13T00:28:16.257+0600","level":"INFO","msg":"Started Application in 1.105 seconds (process running for 1.458)","thread_name":"main","logger_name":"com.hello.spring.Application"}
{"@timestamp":"2024-11-13T00:28:18.680+0600","level":"INFO","msg":"Initializing Spring DispatcherServlet 'dispatcherServlet'","thread_name":"http-nio-8081-exec-1","logger_name":"org.apache.catalina.core.ContainerBase.[Tomcat].[localhost].[/]"}
{"@timestamp":"2024-11-13T00:28:18.681+0600","level":"INFO","msg":"Initializing Servlet 'dispatcherServlet'","thread_name":"http-nio-8081-exec-1","logger_name":"org.springframework.web.servlet.DispatcherServlet"}
{"@timestamp":"2024-11-13T00:28:18.682+0600","level":"INFO","msg":"Completed initialization in 1 ms","thread_name":"http-nio-8081-exec-1","logger_name":"org.springframework.web.servlet.DispatcherServlet"}
{"@timestamp":"2024-11-13T00:28:19.266+0600","level":"INFO","msg":"Function 1 executed, info log added. Request ID: -1432076067","thread_name":"http-nio-8081-exec-3","logger_name":"com.hello.spring.HelloController"}
{"@timestamp":"2024-11-13T00:28:19.266+0600","level":"INFO","msg":"Function 1 executed, info log added. Request ID: -1432076067","thread_name":"http-nio-8081-exec-3","logger_name":"com.hello.spring.HelloController"}
{"@timestamp":"2024-11-13T00:28:19.433+0600","level":"INFO","msg":"Function 1 executed, info log added. Request ID: 1736095104","thread_name":"http-nio-8081-exec-4","logger_name":"com.hello.spring.HelloController"}
{"@timestamp":"2024-11-13T00:28:19.617+0600","level":"INFO","msg":"Function 1 executed, info log added. Request ID: -389337686","thread_name":"http-nio-8081-exec-7","logger_name":"com.hello.spring.HelloController"}
{"@timestamp":"2024-11-13T00:28:19.954+0600","level":"INFO","msg":"Function 1 executed, info log added. Request ID: 1562303721","thread_name":"http-nio-8081-exec-5","logger_name":"com.hello.spring.HelloController"}
{"@timestamp":"2024-11-13T00:28:19.955+0600","level":"INFO","msg":"Function 1 executed, info log added. Request ID: 1562303721","thread_name":"http-nio-8081-exec-5","logger_name":"com.hello.spring.HelloController"}
{"@timestamp":"2024-11-13T00:28:20.226+0600","level":"INFO","msg":"Function 1 executed, info log added. Request ID: 2132169930","thread_name":"http-nio-8081-exec-8","logger_name":"com.hello.spring.HelloController"}
{"@timestamp":"2024-11-13T00:28:20.227+0600","level":"INFO","msg":"Function 1 executed, info log added. Request ID: 2132169930","thread_name":"http-nio-8081-exec-8","logger_name":"com.hello.spring.HelloController"}
{"@timestamp":"2024-11-13T00:28:20.227+0600","level":"INFO","msg":"Function 1 executed, info log added. Request ID: 2132169930","thread_name":"http-nio-8081-exec-8","logger_name":"com.hello.spring.HelloController"}
{"@timestamp":"2024-11-13T00:29:06.339+0600","level":"INFO","msg":"Starting Application using Java 22.0.1 with PID 231328 (E:\\Code\\Centralized logging\\spring app 1\\out\\production\\classes started by USER in E:\\Code\\Centralized logging\\spring app 1)","thread_name":"main","logger_name":"com.hello.spring.Application"}
{"@timestamp":"2024-11-13T00:29:06.346+0600","level":"INFO","msg":"No active profile set, falling back to 1 default profile: \"default\"","thread_name":"main","logger_name":"com.hello.spring.Application"}
{"@timestamp":"2024-11-13T00:29:06.795+0600","level":"INFO","msg":"Tomcat initialized with port 8081 (http)","thread_name":"main","logger_name":"org.springframework.boot.web.embedded.tomcat.TomcatWebServer"}
{"@timestamp":"2024-11-13T00:29:06.804+0600","level":"INFO","msg":"Starting service [Tomcat]","thread_name":"main","logger_name":"org.apache.catalina.core.StandardService"}
{"@timestamp":"2024-11-13T00:29:06.804+0600","level":"INFO","msg":"Starting Servlet engine: [Apache Tomcat/10.1.31]","thread_name":"main","logger_name":"org.apache.catalina.core.StandardEngine"}
{"@timestamp":"2024-11-13T00:29:06.830+0600","level":"INFO","msg":"Initializing Spring embedded WebApplicationContext","thread_name":"main","logger_name":"org.apache.catalina.core.ContainerBase.[Tomcat].[localhost].[/]"}
{"@timestamp":"2024-11-13T00:29:06.830+0600","level":"INFO","msg":"Root WebApplicationContext: initialization completed in 459 ms","thread_name":"main","logger_name":"org.springframework.boot.web.servlet.context.ServletWebServerApplicationContext"}
{"@timestamp":"2024-11-13T00:29:07.012+0600","level":"INFO","msg":"Tomcat started on port 8081 (http) with context path '/'","thread_name":"main","logger_name":"org.springframework.boot.web.embedded.tomcat.TomcatWebServer"}
{"@timestamp":"2024-11-13T00:29:07.017+0600","level":"INFO","msg":"Started Application in 1.139 seconds (process running for 1.477)","thread_name":"main","logger_name":"com.hello.spring.Application"}
{"@timestamp":"2024-11-13T00:29:07.725+0600","level":"INFO","msg":"Initializing Spring DispatcherServlet 'dispatcherServlet'","thread_name":"http-nio-8081-exec-1","logger_name":"org.apache.catalina.core.ContainerBase.[Tomcat].[localhost].[/]"}
{"@timestamp":"2024-11-13T00:29:07.726+0600","level":"INFO","msg":"Initializing Servlet 'dispatcherServlet'","thread_name":"http-nio-8081-exec-1","logger_name":"org.springframework.web.servlet.DispatcherServlet"}
{"@timestamp":"2024-11-13T00:29:07.727+0600","level":"INFO","msg":"Completed initialization in 1 ms","thread_name":"http-nio-8081-exec-1","logger_name":"org.springframework.web.servlet.DispatcherServlet"}
{"@timestamp":"2024-11-13T00:29:07.744+0600","level":"INFO","msg":"Function 1 executed, info log added. Request ID: 1721152776","thread_name":"http-nio-8081-exec-1","logger_name":"com.hello.spring.HelloController"}
{"@timestamp":"2024-11-13T00:29:07.745+0600","level":"INFO","msg":"Function 1 executed, info log added. Request ID: 1721152776","thread_name":"http-nio-8081-exec-1","logger_name":"com.hello.spring.HelloController"}
{"@timestamp":"2024-11-13T00:29:07.745+0600","level":"INFO","msg":"Function 1 executed, info log added. Request ID: 1721152776","thread_name":"http-nio-8081-exec-1","logger_name":"com.hello.spring.HelloController"}
{"@timestamp":"2024-11-13T00:29:07.929+0600","level":"INFO","msg":"Function 1 executed, info log added. Request ID: 617695195","thread_name":"http-nio-8081-exec-2","logger_name":"com.hello.spring.HelloController"}
{"@timestamp":"2024-11-13T00:29:08.139+0600","level":"INFO","msg":"Function 1 executed, info log added. Request ID: -306000134","thread_name":"http-nio-8081-exec-3","logger_name":"com.hello.spring.HelloController"}
{"@timestamp":"2024-11-13T00:29:08.140+0600","level":"INFO","msg":"Function 1 executed, info log added. Request ID: -306000134","thread_name":"http-nio-8081-exec-3","logger_name":"com.hello.spring.HelloController"}
{"@timestamp":"2024-11-13T00:29:08.529+0600","level":"INFO","msg":"Function 1 executed, info log added. Request ID: 1497095193","thread_name":"http-nio-8081-exec-5","logger_name":"com.hello.spring.HelloController"}
{"@timestamp":"2024-11-13T00:29:09.114+0600","level":"INFO","msg":"Function 1 executed, info log added. Request ID: 861737815","thread_name":"http-nio-8081-exec-8","logger_name":"com.hello.spring.HelloController"}
{"@timestamp":"2024-11-13T00:29:09.115+0600","level":"INFO","msg":"Function 1 executed, info log added. Request ID: 861737815","thread_name":"http-nio-8081-exec-8","logger_name":"com.hello.spring.HelloController"}
{"@timestamp":"2024-11-13T00:29:09.115+0600","level":"INFO","msg":"Function 1 executed, info log added. Request ID: 861737815","thread_name":"http-nio-8081-exec-8","logger_name":"com.hello.spring.HelloController"}
{"@timestamp":"2024-11-13T00:29:09.115+0600","level":"INFO","msg":"Function 1 executed, info log added. Request ID: 861737815","thread_name":"http-nio-8081-exec-8","logger_name":"com.hello.spring.HelloController"}
{"@timestamp":"2024-11-13T00:29:33.159+0600","level":"INFO","msg":"Starting Application using Java 22.0.1 with PID 225596 (E:\\Code\\Centralized logging\\spring app 1\\out\\production\\classes started by USER in E:\\Code\\Centralized logging\\spring app 1)","thread_name":"main","logger_name":"com.hello.spring.Application"}
{"@timestamp":"2024-11-13T00:29:33.164+0600","level":"INFO","msg":"No active profile set, falling back to 1 default profile: \"default\"","thread_name":"main","logger_name":"com.hello.spring.Application"}
{"@timestamp":"2024-11-13T00:29:33.610+0600","level":"INFO","msg":"Tomcat initialized with port 8081 (http)","thread_name":"main","logger_name":"org.springframework.boot.web.embedded.tomcat.TomcatWebServer"}
{"@timestamp":"2024-11-13T00:29:33.618+0600","level":"INFO","msg":"Starting service [Tomcat]","thread_name":"main","logger_name":"org.apache.catalina.core.StandardService"}
{"@timestamp":"2024-11-13T00:29:33.619+0600","level":"INFO","msg":"Starting Servlet engine: [Apache Tomcat/10.1.31]","thread_name":"main","logger_name":"org.apache.catalina.core.StandardEngine"}
{"@timestamp":"2024-11-13T00:29:33.650+0600","level":"INFO","msg":"Initializing Spring embedded WebApplicationContext","thread_name":"main","logger_name":"org.apache.catalina.core.ContainerBase.[Tomcat].[localhost].[/]"}
{"@timestamp":"2024-11-13T00:29:33.650+0600","level":"INFO","msg":"Root WebApplicationContext: initialization completed in 467 ms","thread_name":"main","logger_name":"org.springframework.boot.web.servlet.context.ServletWebServerApplicationContext"}
{"@timestamp":"2024-11-13T00:29:33.829+0600","level":"INFO","msg":"Tomcat started on port 8081 (http) with context path '/'","thread_name":"main","logger_name":"org.springframework.boot.web.embedded.tomcat.TomcatWebServer"}
{"@timestamp":"2024-11-13T00:29:33.834+0600","level":"INFO","msg":"Started Application in 1.141 seconds (process running for 1.48)","thread_name":"main","logger_name":"com.hello.spring.Application"}
{"@timestamp":"2024-11-13T00:29:45.266+0600","level":"INFO","msg":"Initializing Spring DispatcherServlet 'dispatcherServlet'","thread_name":"http-nio-8081-exec-1","logger_name":"org.apache.catalina.core.ContainerBase.[Tomcat].[localhost].[/]"}
{"@timestamp":"2024-11-13T00:29:45.266+0600","level":"INFO","msg":"Initializing Servlet 'dispatcherServlet'","thread_name":"http-nio-8081-exec-1","logger_name":"org.springframework.web.servlet.DispatcherServlet"}
{"@timestamp":"2024-11-13T00:29:45.267+0600","level":"INFO","msg":"Completed initialization in 1 ms","thread_name":"http-nio-8081-exec-1","logger_name":"org.springframework.web.servlet.DispatcherServlet"}
{"@timestamp":"2024-11-13T00:29:45.652+0600","level":"INFO","msg":"Function 1 executed, info log added. Request ID: 82526491","thread_name":"http-nio-8081-exec-3","logger_name":"com.hello.spring.HelloController"}
{"@timestamp":"2024-11-13T00:29:45.652+0600","level":"INFO","msg":"Function 1 executed, info log added. Request ID: 82526491","thread_name":"http-nio-8081-exec-3","logger_name":"com.hello.spring.HelloController"}
{"@timestamp":"2024-11-13T00:29:45.971+0600","level":"INFO","msg":"Function 1 executed, info log added. Request ID: -2144502545","thread_name":"http-nio-8081-exec-4","logger_name":"com.hello.spring.HelloController"}
{"@timestamp":"2024-11-13T00:29:46.179+0600","level":"INFO","msg":"Function 1 executed, info log added. Request ID: -1318278440","thread_name":"http-nio-8081-exec-5","logger_name":"com.hello.spring.HelloController"}
{"@timestamp":"2024-11-13T00:29:46.179+0600","level":"INFO","msg":"Function 1 executed, info log added. Request ID: -1318278440","thread_name":"http-nio-8081-exec-5","logger_name":"com.hello.spring.HelloController"}
{"@timestamp":"2024-11-13T00:29:46.363+0600","level":"INFO","msg":"Function 1 executed, info log added. Request ID: -1090923292","thread_name":"http-nio-8081-exec-6","logger_name":"com.hello.spring.HelloController"}
{"@timestamp":"2024-11-13T00:29:46.363+0600","level":"INFO","msg":"Function 1 executed, info log added. Request ID: -1090923292","thread_name":"http-nio-8081-exec-6","logger_name":"com.hello.spring.HelloController"}
{"@timestamp":"2024-11-13T00:29:46.715+0600","level":"INFO","msg":"Function 1 executed, info log added. Request ID: 12570005","thread_name":"http-nio-8081-exec-8","logger_name":"com.hello.spring.HelloController"}
{"@timestamp":"2024-11-13T00:29:46.715+0600","level":"INFO","msg":"Function 1 executed, info log added. Request ID: 12570005","thread_name":"http-nio-8081-exec-8","logger_name":"com.hello.spring.HelloController"}
{"@timestamp":"2024-11-13T00:29:46.715+0600","level":"INFO","msg":"Function 1 executed, info log added. Request ID: 12570005","thread_name":"http-nio-8081-exec-8","logger_name":"com.hello.spring.HelloController"}
{"@timestamp":"2024-11-13T00:29:46.715+0600","level":"INFO","msg":"Function 1 executed, info log added. Request ID: 12570005","thread_name":"http-nio-8081-exec-8","logger_name":"com.hello.spring.HelloController"}
{"@timestamp":"2024-11-13T00:30:20.857+0600","level":"INFO","msg":"Starting Application using Java 22.0.1 with PID 227728 (E:\\Code\\Centralized logging\\spring app 1\\out\\production\\classes started by USER in E:\\Code\\Centralized logging\\spring app 1)","thread_name":"main","logger_name":"com.hello.spring.Application"}
{"@timestamp":"2024-11-13T00:30:20.862+0600","level":"INFO","msg":"No active profile set, falling back to 1 default profile: \"default\"","thread_name":"main","logger_name":"com.hello.spring.Application"}
{"@timestamp":"2024-11-13T00:30:21.321+0600","level":"INFO","msg":"Tomcat initialized with port 8081 (http)","thread_name":"main","logger_name":"org.springframework.boot.web.embedded.tomcat.TomcatWebServer"}
{"@timestamp":"2024-11-13T00:30:21.330+0600","level":"INFO","msg":"Starting service [Tomcat]","thread_name":"main","logger_name":"org.apache.catalina.core.StandardService"}
{"@timestamp":"2024-11-13T00:30:21.330+0600","level":"INFO","msg":"Starting Servlet engine: [Apache Tomcat/10.1.31]","thread_name":"main","logger_name":"org.apache.catalina.core.StandardEngine"}
{"@timestamp":"2024-11-13T00:30:21.363+0600","level":"INFO","msg":"Initializing Spring embedded WebApplicationContext","thread_name":"main","logger_name":"org.apache.catalina.core.ContainerBase.[Tomcat].[localhost].[/]"}
{"@timestamp":"2024-11-13T00:30:21.363+0600","level":"INFO","msg":"Root WebApplicationContext: initialization completed in 482 ms","thread_name":"main","logger_name":"org.springframework.boot.web.servlet.context.ServletWebServerApplicationContext"}
{"@timestamp":"2024-11-13T00:30:21.550+0600","level":"INFO","msg":"Tomcat started on port 8081 (http) with context path '/'","thread_name":"main","logger_name":"org.springframework.boot.web.embedded.tomcat.TomcatWebServer"}
{"@timestamp":"2024-11-13T00:30:21.555+0600","level":"INFO","msg":"Started Application in 1.199 seconds (process running for 1.555)","thread_name":"main","logger_name":"com.hello.spring.Application"}
{"@timestamp":"2024-11-13T00:30:27.322+0600","level":"INFO","msg":"Initializing Spring DispatcherServlet 'dispatcherServlet'","thread_name":"http-nio-8081-exec-1","logger_name":"org.apache.catalina.core.ContainerBase.[Tomcat].[localhost].[/]"}
{"@timestamp":"2024-11-13T00:30:27.323+0600","level":"INFO","msg":"Initializing Servlet 'dispatcherServlet'","thread_name":"http-nio-8081-exec-1","logger_name":"org.springframework.web.servlet.DispatcherServlet"}
{"@timestamp":"2024-11-13T00:30:27.324+0600","level":"INFO","msg":"Completed initialization in 1 ms","thread_name":"http-nio-8081-exec-1","logger_name":"org.springframework.web.servlet.DispatcherServlet"}
{"@timestamp":"2024-11-13T00:30:27.342+0600","level":"INFO","msg":"Function 1 executed, info log added. Request ID: 1014194882","thread_name":"http-nio-8081-exec-1","logger_name":"com.hello.spring.HelloController"}
{"@timestamp":"2024-11-13T00:30:27.343+0600","level":"INFO","msg":"Function 1 executed, info log added. Request ID: 1014194882","thread_name":"http-nio-8081-exec-1","logger_name":"com.hello.spring.HelloController"}
{"@timestamp":"2024-11-13T00:30:27.343+0600","level":"INFO","msg":"Function 1 executed, info log added. Request ID: 1014194882","thread_name":"http-nio-8081-exec-1","logger_name":"com.hello.spring.HelloController"}
{"@timestamp":"2024-11-13T00:30:27.845+0600","level":"INFO","msg":"Function 1 executed, info log added. Request ID: -1009851809","thread_name":"http-nio-8081-exec-7","logger_name":"com.hello.spring.HelloController"}
{"@timestamp":"2024-11-13T00:30:27.846+0600","level":"INFO","msg":"Function 1 executed, info log added. Request ID: -1009851809","thread_name":"http-nio-8081-exec-7","logger_name":"com.hello.spring.HelloController"}
{"@timestamp":"2024-11-13T00:30:28.037+0600","level":"INFO","msg":"Function 1 executed, info log added. Request ID: -9601216","thread_name":"http-nio-8081-exec-5","logger_name":"com.hello.spring.HelloController"}
{"@timestamp":"2024-11-13T00:30:28.901+0600","level":"INFO","msg":"Function 1 executed, info log added. Request ID: 1459344295","thread_name":"http-nio-8081-exec-8","logger_name":"com.hello.spring.HelloController"}
{"@timestamp":"2024-11-13T00:30:28.901+0600","level":"INFO","msg":"Function 1 executed, info log added. Request ID: 1459344295","thread_name":"http-nio-8081-exec-8","logger_name":"com.hello.spring.HelloController"}
{"@timestamp":"2024-11-13T00:30:28.901+0600","level":"INFO","msg":"Function 1 executed, info log added. Request ID: 1459344295","thread_name":"http-nio-8081-exec-8","logger_name":"com.hello.spring.HelloController"}
{"@timestamp":"2024-11-13T00:30:28.901+0600","level":"INFO","msg":"Function 1 executed, info log added. Request ID: 1459344295","thread_name":"http-nio-8081-exec-8","logger_name":"com.hello.spring.HelloController"}
{"@timestamp":"2024-11-13T00:30:29.091+0600","level":"INFO","msg":"Function 1 executed, info log added. Request ID: 158221116","thread_name":"http-nio-8081-exec-9","logger_name":"com.hello.spring.HelloController"}
{"@timestamp":"2024-11-13T00:30:29.286+0600","level":"INFO","msg":"Function 1 executed, info log added. Request ID: 1867847843","thread_name":"http-nio-8081-exec-10","logger_name":"com.hello.spring.HelloController"}
{"@timestamp":"2024-11-13T00:30:29.286+0600","level":"INFO","msg":"Function 1 executed, info log added. Request ID: 1867847843","thread_name":"http-nio-8081-exec-10","logger_name":"com.hello.spring.HelloController"}
{"@timestamp":"2024-11-13T00:30:29.287+0600","level":"INFO","msg":"Function 1 executed, info log added. Request ID: 1867847843","thread_name":"http-nio-8081-exec-10","logger_name":"com.hello.spring.HelloController"}
{"@timestamp":"2024-11-13T00:30:29.482+0600","level":"INFO","msg":"Function 1 executed, info log added. Request ID: 403054893","thread_name":"http-nio-8081-exec-1","logger_name":"com.hello.spring.HelloController"}
{"@timestamp":"2024-11-13T00:30:29.684+0600","level":"INFO","msg":"Function 1 executed, info log added. Request ID: 1575268925","thread_name":"http-nio-8081-exec-2","logger_name":"com.hello.spring.HelloController"}
{"@timestamp":"2024-11-13T00:30:37.278+0600","level":"INFO","msg":"Function 1 executed, info log added. Request ID: -912566670","thread_name":"http-nio-8081-exec-3","logger_name":"com.hello.spring.HelloController"}
{"@timestamp":"2024-11-13T00:30:37.279+0600","level":"INFO","msg":"Function 1 executed, info log added. Request ID: -912566670","thread_name":"http-nio-8081-exec-3","logger_name":"com.hello.spring.HelloController"}
{"@timestamp":"2024-11-13T00:30:37.279+0600","level":"INFO","msg":"Function 1 executed, info log added. Request ID: -912566670","thread_name":"http-nio-8081-exec-3","logger_name":"com.hello.spring.HelloController"}
{"@timestamp":"2024-11-13T00:30:38.084+0600","level":"INFO","msg":"Function 1 executed, info log added. Request ID: -669943676","thread_name":"http-nio-8081-exec-9","logger_name":"com.hello.spring.HelloController"}
{"@timestamp":"2024-11-13T00:30:38.307+0600","level":"INFO","msg":"Function 1 executed, info log added. Request ID: -1512981742","thread_name":"http-nio-8081-exec-10","logger_name":"com.hello.spring.HelloController"}
{"@timestamp":"2024-11-13T00:30:38.308+0600","level":"INFO","msg":"Function 1 executed, info log added. Request ID: -1512981742","thread_name":"http-nio-8081-exec-10","logger_name":"com.hello.spring.HelloController"}
{"@timestamp":"2024-11-13T00:30:38.308+0600","level":"INFO","msg":"Function 1 executed, info log added. Request ID: -1512981742","thread_name":"http-nio-8081-exec-10","logger_name":"com.hello.spring.HelloController"}
{"@timestamp":"2024-11-13T00:30:38.308+0600","level":"INFO","msg":"Function 1 executed, info log added. Request ID: -1512981742","thread_name":"http-nio-8081-exec-10","logger_name":"com.hello.spring.HelloController"}
{"@timestamp":"2024-11-13T00:30:52.588+0600","level":"INFO","msg":"Starting Application using Java 22.0.1 with PID 227036 (E:\\Code\\Centralized logging\\spring app 1\\out\\production\\classes started by USER in E:\\Code\\Centralized logging\\spring app 1)","thread_name":"main","logger_name":"com.hello.spring.Application"}
{"@timestamp":"2024-11-13T00:30:52.593+0600","level":"INFO","msg":"No active profile set, falling back to 1 default profile: \"default\"","thread_name":"main","logger_name":"com.hello.spring.Application"}
{"@timestamp":"2024-11-13T00:30:53.032+0600","level":"INFO","msg":"Tomcat initialized with port 8081 (http)","thread_name":"main","logger_name":"org.springframework.boot.web.embedded.tomcat.TomcatWebServer"}
{"@timestamp":"2024-11-13T00:30:53.039+0600","level":"INFO","msg":"Starting service [Tomcat]","thread_name":"main","logger_name":"org.apache.catalina.core.StandardService"}
{"@timestamp":"2024-11-13T00:30:53.040+0600","level":"INFO","msg":"Starting Servlet engine: [Apache Tomcat/10.1.31]","thread_name":"main","logger_name":"org.apache.catalina.core.StandardEngine"}
{"@timestamp":"2024-11-13T00:30:53.064+0600","level":"INFO","msg":"Initializing Spring embedded WebApplicationContext","thread_name":"main","logger_name":"org.apache.catalina.core.ContainerBase.[Tomcat].[localhost].[/]"}
{"@timestamp":"2024-11-13T00:30:53.065+0600","level":"INFO","msg":"Root WebApplicationContext: initialization completed in 450 ms","thread_name":"main","logger_name":"org.springframework.boot.web.servlet.context.ServletWebServerApplicationContext"}
{"@timestamp":"2024-11-13T00:30:53.232+0600","level":"INFO","msg":"Tomcat started on port 8081 (http) with context path '/'","thread_name":"main","logger_name":"org.springframework.boot.web.embedded.tomcat.TomcatWebServer"}
{"@timestamp":"2024-11-13T00:30:53.238+0600","level":"INFO","msg":"Started Application in 1.151 seconds (process running for 1.493)","thread_name":"main","logger_name":"com.hello.spring.Application"}
{"@timestamp":"2024-11-13T00:30:58.442+0600","level":"INFO","msg":"Initializing Spring DispatcherServlet 'dispatcherServlet'","thread_name":"http-nio-8081-exec-1","logger_name":"org.apache.catalina.core.ContainerBase.[Tomcat].[localhost].[/]"}
{"@timestamp":"2024-11-13T00:30:58.442+0600","level":"INFO","msg":"Initializing Servlet 'dispatcherServlet'","thread_name":"http-nio-8081-exec-1","logger_name":"org.springframework.web.servlet.DispatcherServlet"}
{"@timestamp":"2024-11-13T00:30:58.443+0600","level":"INFO","msg":"Completed initialization in 1 ms","thread_name":"http-nio-8081-exec-1","logger_name":"org.springframework.web.servlet.DispatcherServlet"}
{"@timestamp":"2024-11-13T00:30:58.463+0600","level":"INFO","msg":"Function 1 executed, info log added. Request ID: -903275740","thread_name":"http-nio-8081-exec-1","logger_name":"com.hello.spring.HelloController"}
{"@timestamp":"2024-11-13T00:30:58.582+0600","level":"INFO","msg":"Function 1 executed, info log added. Request ID: 1662536766","thread_name":"http-nio-8081-exec-2","logger_name":"com.hello.spring.HelloController"}
{"@timestamp":"2024-11-13T00:30:58.582+0600","level":"INFO","msg":"Function 1 executed, info log added. Request ID: 1662536766","thread_name":"http-nio-8081-exec-2","logger_name":"com.hello.spring.HelloController"}
{"@timestamp":"2024-11-13T00:30:58.582+0600","level":"INFO","msg":"Function 1 executed, info log added. Request ID: 1662536766","thread_name":"http-nio-8081-exec-2","logger_name":"com.hello.spring.HelloController"}
{"@timestamp":"2024-11-13T00:30:58.763+0600","level":"INFO","msg":"Function 1 executed, info log added. Request ID: 385315836","thread_name":"http-nio-8081-exec-6","logger_name":"com.hello.spring.HelloController"}
{"@timestamp":"2024-11-13T00:30:58.764+0600","level":"INFO","msg":"Function 1 executed, info log added. Request ID: 385315836","thread_name":"http-nio-8081-exec-6","logger_name":"com.hello.spring.HelloController"}
{"@timestamp":"2024-11-13T00:30:58.995+0600","level":"INFO","msg":"Function 1 executed, info log added. Request ID: 349803755","thread_name":"http-nio-8081-exec-4","logger_name":"com.hello.spring.HelloController"}
{"@timestamp":"2024-11-13T00:30:58.996+0600","level":"INFO","msg":"Function 1 executed, info log added. Request ID: 349803755","thread_name":"http-nio-8081-exec-4","logger_name":"com.hello.spring.HelloController"}
{"@timestamp":"2024-11-13T00:30:58.996+0600","level":"INFO","msg":"Function 1 executed, info log added. Request ID: 349803755","thread_name":"http-nio-8081-exec-4","logger_name":"com.hello.spring.HelloController"}
{"@timestamp":"2024-11-13T00:30:59.125+0600","level":"INFO","msg":"Function 1 executed, info log added. Request ID: -1474491254","thread_name":"http-nio-8081-exec-5","logger_name":"com.hello.spring.HelloController"}
{"@timestamp":"2024-11-13T00:30:59.348+0600","level":"INFO","msg":"Function 1 executed, info log added. Request ID: -352184446","thread_name":"http-nio-8081-exec-10","logger_name":"com.hello.spring.HelloController"}
{"@timestamp":"2024-11-13T00:30:59.349+0600","level":"INFO","msg":"Function 1 executed, info log added. Request ID: -352184446","thread_name":"http-nio-8081-exec-10","logger_name":"com.hello.spring.HelloController"}
{"@timestamp":"2024-11-13T00:30:59.349+0600","level":"INFO","msg":"Function 1 executed, info log added. Request ID: -352184446","thread_name":"http-nio-8081-exec-10","logger_name":"com.hello.spring.HelloController"}
{"@timestamp":"2024-11-13T00:30:59.549+0600","level":"INFO","msg":"Function 1 executed, info log added. Request ID: -346426780","thread_name":"http-nio-8081-exec-7","logger_name":"com.hello.spring.HelloController"}
{"@timestamp":"2024-11-13T00:30:59.900+0600","level":"INFO","msg":"Function 1 executed, info log added. Request ID: -405763093","thread_name":"http-nio-8081-exec-9","logger_name":"com.hello.spring.HelloController"}
{"@timestamp":"2024-11-13T00:30:59.900+0600","level":"INFO","msg":"Function 1 executed, info log added. Request ID: -405763093","thread_name":"http-nio-8081-exec-9","logger_name":"com.hello.spring.HelloController"}
{"@timestamp":"2024-11-13T00:31:00.252+0600","level":"INFO","msg":"Function 1 executed, info log added. Request ID: -116368707","thread_name":"http-nio-8081-exec-1","logger_name":"com.hello.spring.HelloController"}
{"@timestamp":"2024-11-13T00:31:00.413+0600","level":"INFO","msg":"Function 1 executed, info log added. Request ID: 9753543","thread_name":"http-nio-8081-exec-2","logger_name":"com.hello.spring.HelloController"}
{"@timestamp":"2024-11-13T00:31:00.414+0600","level":"INFO","msg":"Function 1 executed, info log added. Request ID: 9753543","thread_name":"http-nio-8081-exec-2","logger_name":"com.hello.spring.HelloController"}
{"@timestamp":"2024-11-13T00:31:00.414+0600","level":"INFO","msg":"Function 1 executed, info log added. Request ID: 9753543","thread_name":"http-nio-8081-exec-2","logger_name":"com.hello.spring.HelloController"}
{"@timestamp":"2024-11-13T00:31:00.876+0600","level":"INFO","msg":"Function 1 executed, info log added. Request ID: 413790785","thread_name":"http-nio-8081-exec-4","logger_name":"com.hello.spring.HelloController"}
{"@timestamp":"2024-11-13T00:31:00.877+0600","level":"INFO","msg":"Function 1 executed, info log added. Request ID: 413790785","thread_name":"http-nio-8081-exec-4","logger_name":"com.hello.spring.HelloController"}
{"@timestamp":"2024-11-13T00:31:00.877+0600","level":"INFO","msg":"Function 1 executed, info log added. Request ID: 413790785","thread_name":"http-nio-8081-exec-4","logger_name":"com.hello.spring.HelloController"}
{"@timestamp":"2024-11-13T00:31:00.877+0600","level":"INFO","msg":"Function 1 executed, info log added. Request ID: 413790785","thread_name":"http-nio-8081-exec-4","logger_name":"com.hello.spring.HelloController"}
{"@timestamp":"2024-11-13T00:31:18.020+0600","level":"INFO","msg":"Starting Application using Java 22.0.1 with PID 227100 (E:\\Code\\Centralized logging\\spring app 1\\out\\production\\classes started by USER in E:\\Code\\Centralized logging\\spring app 1)","thread_name":"main","logger_name":"com.hello.spring.Application"}
{"@timestamp":"2024-11-13T00:31:18.025+0600","level":"INFO","msg":"No active profile set, falling back to 1 default profile: \"default\"","thread_name":"main","logger_name":"com.hello.spring.Application"}
{"@timestamp":"2024-11-13T00:31:18.473+0600","level":"INFO","msg":"Tomcat initialized with port 8081 (http)","thread_name":"main","logger_name":"org.springframework.boot.web.embedded.tomcat.TomcatWebServer"}
{"@timestamp":"2024-11-13T00:31:18.481+0600","level":"INFO","msg":"Starting service [Tomcat]","thread_name":"main","logger_name":"org.apache.catalina.core.StandardService"}
{"@timestamp":"2024-11-13T00:31:18.482+0600","level":"INFO","msg":"Starting Servlet engine: [Apache Tomcat/10.1.31]","thread_name":"main","logger_name":"org.apache.catalina.core.StandardEngine"}
{"@timestamp":"2024-11-13T00:31:18.506+0600","level":"INFO","msg":"Initializing Spring embedded WebApplicationContext","thread_name":"main","logger_name":"org.apache.catalina.core.ContainerBase.[Tomcat].[localhost].[/]"}
{"@timestamp":"2024-11-13T00:31:18.506+0600","level":"INFO","msg":"Root WebApplicationContext: initialization completed in 462 ms","thread_name":"main","logger_name":"org.springframework.boot.web.servlet.context.ServletWebServerApplicationContext"}
{"@timestamp":"2024-11-13T00:31:18.678+0600","level":"INFO","msg":"Tomcat started on port 8081 (http) with context path '/'","thread_name":"main","logger_name":"org.springframework.boot.web.embedded.tomcat.TomcatWebServer"}
{"@timestamp":"2024-11-13T00:31:18.682+0600","level":"INFO","msg":"Started Application in 1.128 seconds (process running for 1.494)","thread_name":"main","logger_name":"com.hello.spring.Application"}
{"@timestamp":"2024-11-13T00:31:20.705+0600","level":"INFO","msg":"Initializing Spring DispatcherServlet 'dispatcherServlet'","thread_name":"http-nio-8081-exec-1","logger_name":"org.apache.catalina.core.ContainerBase.[Tomcat].[localhost].[/]"}
{"@timestamp":"2024-11-13T00:31:20.706+0600","level":"INFO","msg":"Initializing Servlet 'dispatcherServlet'","thread_name":"http-nio-8081-exec-1","logger_name":"org.springframework.web.servlet.DispatcherServlet"}
{"@timestamp":"2024-11-13T00:31:20.707+0600","level":"INFO","msg":"Completed initialization in 1 ms","thread_name":"http-nio-8081-exec-1","logger_name":"org.springframework.web.servlet.DispatcherServlet"}
{"@timestamp":"2024-11-13T00:31:20.860+0600","level":"INFO","msg":"Function 1 executed, info log added. Request ID: -1337959536","thread_name":"http-nio-8081-exec-4","logger_name":"com.hello.spring.HelloController"}
{"@timestamp":"2024-11-13T00:31:20.860+0600","level":"INFO","msg":"Function 1 executed, info log added. Request ID: -1337959536","thread_name":"http-nio-8081-exec-4","logger_name":"com.hello.spring.HelloController"}
{"@timestamp":"2024-11-13T00:31:20.860+0600","level":"INFO","msg":"Function 1 executed, info log added. Request ID: -1337959536","thread_name":"http-nio-8081-exec-4","logger_name":"com.hello.spring.HelloController"}
{"@timestamp":"2024-11-13T00:31:20.861+0600","level":"INFO","msg":"Function 1 executed, info log added. Request ID: -1337959536","thread_name":"http-nio-8081-exec-4","logger_name":"com.hello.spring.HelloController"}
{"@timestamp":"2024-11-13T00:31:21.092+0600","level":"INFO","msg":"Function 1 executed, info log added. Request ID: 33230785","thread_name":"http-nio-8081-exec-3","logger_name":"com.hello.spring.HelloController"}
{"@timestamp":"2024-11-13T00:31:21.093+0600","level":"INFO","msg":"Function 1 executed, info log added. Request ID: 33230785","thread_name":"http-nio-8081-exec-3","logger_name":"com.hello.spring.HelloController"}
{"@timestamp":"2024-11-13T00:31:21.093+0600","level":"INFO","msg":"Function 1 executed, info log added. Request ID: 33230785","thread_name":"http-nio-8081-exec-3","logger_name":"com.hello.spring.HelloController"}
{"@timestamp":"2024-11-13T00:31:21.333+0600","level":"INFO","msg":"Function 1 executed, info log added. Request ID: 1184860227","thread_name":"http-nio-8081-exec-2","logger_name":"com.hello.spring.HelloController"}
{"@timestamp":"2024-11-13T00:31:27.429+0600","level":"INFO","msg":"Function 1 executed, info log added. Request ID: -134550807","thread_name":"http-nio-8081-exec-8","logger_name":"com.hello.spring.HelloController"}
{"@timestamp":"2024-11-13T00:31:27.430+0600","level":"INFO","msg":"Function 1 executed, info log added. Request ID: -134550807","thread_name":"http-nio-8081-exec-8","logger_name":"com.hello.spring.HelloController"}
{"@timestamp":"2024-11-13T00:31:27.430+0600","level":"INFO","msg":"Function 1 executed, info log added. Request ID: -134550807","thread_name":"http-nio-8081-exec-8","logger_name":"com.hello.spring.HelloController"}
{"@timestamp":"2024-11-13T00:31:27.637+0600","level":"INFO","msg":"Function 1 executed, info log added. Request ID: 307102048","thread_name":"http-nio-8081-exec-9","logger_name":"com.hello.spring.HelloController"}
{"@timestamp":"2024-11-13T00:31:27.925+0600","level":"INFO","msg":"Function 1 executed, info log added. Request ID: -1823998240","thread_name":"http-nio-8081-exec-10","logger_name":"com.hello.spring.HelloController"}
{"@timestamp":"2024-11-13T00:31:27.925+0600","level":"INFO","msg":"Function 1 executed, info log added. Request ID: -1823998240","thread_name":"http-nio-8081-exec-10","logger_name":"com.hello.spring.HelloController"}
{"@timestamp":"2024-11-13T00:31:28.102+0600","level":"INFO","msg":"Function 1 executed, info log added. Request ID: -1714449700","thread_name":"http-nio-8081-exec-1","logger_name":"com.hello.spring.HelloController"}
{"@timestamp":"2024-11-13T00:31:28.102+0600","level":"INFO","msg":"Function 1 executed, info log added. Request ID: -1714449700","thread_name":"http-nio-8081-exec-1","logger_name":"com.hello.spring.HelloController"}
{"@timestamp":"2024-11-13T00:31:28.102+0600","level":"INFO","msg":"Function 1 executed, info log added. Request ID: -1714449700","thread_name":"http-nio-8081-exec-1","logger_name":"com.hello.spring.HelloController"}
{"@timestamp":"2024-11-13T00:31:28.102+0600","level":"INFO","msg":"Function 1 executed, info log added. Request ID: -1714449700","thread_name":"http-nio-8081-exec-1","logger_name":"com.hello.spring.HelloController"}
{"@timestamp":"2024-11-13T00:31:28.102+0600","level":"INFO","msg":"Function 1 executed, info log added. Request ID: -1714449700","thread_name":"http-nio-8081-exec-1","logger_name":"com.hello.spring.HelloController"}
{"@timestamp":"2024-11-13T00:31:28.277+0600","level":"INFO","msg":"Function 1 executed, info log added. Request ID: 1834288221","thread_name":"http-nio-8081-exec-4","logger_name":"com.hello.spring.HelloController"}
{"@timestamp":"2024-11-13T00:31:28.627+0600","level":"INFO","msg":"Function 1 executed, info log added. Request ID: -392850349","thread_name":"http-nio-8081-exec-2","logger_name":"com.hello.spring.HelloController"}
{"@timestamp":"2024-11-13T00:31:28.627+0600","level":"INFO","msg":"Function 1 executed, info log added. Request ID: -392850349","thread_name":"http-nio-8081-exec-2","logger_name":"com.hello.spring.HelloController"}
{"@timestamp":"2024-11-13T00:31:28.805+0600","level":"INFO","msg":"Function 1 executed, info log added. Request ID: 242150131","thread_name":"http-nio-8081-exec-6","logger_name":"com.hello.spring.HelloController"}
{"@timestamp":"2024-11-13T00:31:28.805+0600","level":"INFO","msg":"Function 1 executed, info log added. Request ID: 242150131","thread_name":"http-nio-8081-exec-6","logger_name":"com.hello.spring.HelloController"}
{"@timestamp":"2024-11-13T00:31:28.805+0600","level":"INFO","msg":"Function 1 executed, info log added. Request ID: 242150131","thread_name":"http-nio-8081-exec-6","logger_name":"com.hello.spring.HelloController"}
{"@timestamp":"2024-11-13T00:31:28.805+0600","level":"INFO","msg":"Function 1 executed, info log added. Request ID: 242150131","thread_name":"http-nio-8081-exec-6","logger_name":"com.hello.spring.HelloController"}
{"@timestamp":"2024-11-13T00:31:28.805+0600","level":"INFO","msg":"Function 1 executed, info log added. Request ID: 242150131","thread_name":"http-nio-8081-exec-6","logger_name":"com.hello.spring.HelloController"}
{"@timestamp":"2024-11-13T00:31:28.805+0600","level":"INFO","msg":"Function 1 executed, info log added. Request ID: 242150131","thread_name":"http-nio-8081-exec-6","logger_name":"com.hello.spring.HelloController"}
{"@timestamp":"2024-11-13T00:32:04.918+0600","level":"INFO","msg":"Starting Application using Java 22.0.1 with PID 233296 (E:\\Code\\Centralized logging\\spring app 1\\out\\production\\classes started by USER in E:\\Code\\Centralized logging\\spring app 1)","thread_name":"main","logger_name":"com.hello.spring.Application"}
{"@timestamp":"2024-11-13T00:32:04.923+0600","level":"INFO","msg":"No active profile set, falling back to 1 default profile: \"default\"","thread_name":"main","logger_name":"com.hello.spring.Application"}
{"@timestamp":"2024-11-13T00:32:05.380+0600","level":"INFO","msg":"Tomcat initialized with port 8081 (http)","thread_name":"main","logger_name":"org.springframework.boot.web.embedded.tomcat.TomcatWebServer"}
{"@timestamp":"2024-11-13T00:32:05.387+0600","level":"INFO","msg":"Starting service [Tomcat]","thread_name":"main","logger_name":"org.apache.catalina.core.StandardService"}
{"@timestamp":"2024-11-13T00:32:05.388+0600","level":"INFO","msg":"Starting Servlet engine: [Apache Tomcat/10.1.31]","thread_name":"main","logger_name":"org.apache.catalina.core.StandardEngine"}
{"@timestamp":"2024-11-13T00:32:05.413+0600","level":"INFO","msg":"Initializing Spring embedded WebApplicationContext","thread_name":"main","logger_name":"org.apache.catalina.core.ContainerBase.[Tomcat].[localhost].[/]"}
{"@timestamp":"2024-11-13T00:32:05.414+0600","level":"INFO","msg":"Root WebApplicationContext: initialization completed in 471 ms","thread_name":"main","logger_name":"org.springframework.boot.web.servlet.context.ServletWebServerApplicationContext"}
{"@timestamp":"2024-11-13T00:32:05.625+0600","level":"INFO","msg":"Tomcat started on port 8081 (http) with context path '/'","thread_name":"main","logger_name":"org.springframework.boot.web.embedded.tomcat.TomcatWebServer"}
{"@timestamp":"2024-11-13T00:32:05.629+0600","level":"INFO","msg":"Started Application in 1.198 seconds (process running for 1.544)","thread_name":"main","logger_name":"com.hello.spring.Application"}
{"@timestamp":"2024-11-13T00:32:05.872+0600","level":"INFO","msg":"Initializing Spring DispatcherServlet 'dispatcherServlet'","thread_name":"http-nio-8081-exec-1","logger_name":"org.apache.catalina.core.ContainerBase.[Tomcat].[localhost].[/]"}
{"@timestamp":"2024-11-13T00:32:05.873+0600","level":"INFO","msg":"Initializing Servlet 'dispatcherServlet'","thread_name":"http-nio-8081-exec-1","logger_name":"org.springframework.web.servlet.DispatcherServlet"}
{"@timestamp":"2024-11-13T00:32:05.873+0600","level":"INFO","msg":"Completed initialization in 0 ms","thread_name":"http-nio-8081-exec-1","logger_name":"org.springframework.web.servlet.DispatcherServlet"}
{"@timestamp":"2024-11-13T00:32:05.891+0600","level":"INFO","msg":"Function 1 executed, info log added. Request ID: 886948915","thread_name":"http-nio-8081-exec-1","logger_name":"com.hello.spring.HelloController"}
{"@timestamp":"2024-11-13T00:32:06.053+0600","level":"INFO","msg":"Function 1 executed, info log added. Request ID: -1839051573","thread_name":"http-nio-8081-exec-3","logger_name":"com.hello.spring.HelloController"}
{"@timestamp":"2024-11-13T00:32:06.229+0600","level":"INFO","msg":"Function 1 executed, info log added. Request ID: -2017173758","thread_name":"http-nio-8081-exec-2","logger_name":"com.hello.spring.HelloController"}
{"@timestamp":"2024-11-13T00:32:06.390+0600","level":"INFO","msg":"Function 1 executed, info log added. Request ID: -633613154","thread_name":"http-nio-8081-exec-4","logger_name":"com.hello.spring.HelloController"}
{"@timestamp":"2024-11-13T00:32:06.572+0600","level":"INFO","msg":"Function 1 executed, info log added. Request ID: -631586529","thread_name":"http-nio-8081-exec-5","logger_name":"com.hello.spring.HelloController"}
{"@timestamp":"2024-11-13T00:32:06.573+0600","level":"INFO","msg":"Function 1 executed, info log added. Request ID: -631586529","thread_name":"http-nio-8081-exec-5","logger_name":"com.hello.spring.HelloController"}
{"@timestamp":"2024-11-13T00:32:06.774+0600","level":"INFO","msg":"Function 1 executed, info log added. Request ID: -54012218","thread_name":"http-nio-8081-exec-6","logger_name":"com.hello.spring.HelloController"}
{"@timestamp":"2024-11-13T00:32:06.774+0600","level":"INFO","msg":"Function 1 executed, info log added. Request ID: -54012218","thread_name":"http-nio-8081-exec-6","logger_name":"com.hello.spring.HelloController"}
{"@timestamp":"2024-11-13T00:32:06.956+0600","level":"INFO","msg":"Function 1 executed, info log added. Request ID: 1356463160","thread_name":"http-nio-8081-exec-7","logger_name":"com.hello.spring.HelloController"}
{"@timestamp":"2024-11-13T00:32:06.957+0600","level":"INFO","msg":"Function 1 executed, info log added. Request ID: 1356463160","thread_name":"http-nio-8081-exec-7","logger_name":"com.hello.spring.HelloController"}
{"@timestamp":"2024-11-13T00:32:06.957+0600","level":"INFO","msg":"Function 1 executed, info log added. Request ID: 1356463160","thread_name":"http-nio-8081-exec-7","logger_name":"com.hello.spring.HelloController"}
{"@timestamp":"2024-11-13T00:32:07.156+0600","level":"INFO","msg":"Function 1 executed, info log added. Request ID: 1158658869","thread_name":"http-nio-8081-exec-8","logger_name":"com.hello.spring.HelloController"}
{"@timestamp":"2024-11-13T00:32:07.157+0600","level":"INFO","msg":"Function 1 executed, info log added. Request ID: 1158658869","thread_name":"http-nio-8081-exec-8","logger_name":"com.hello.spring.HelloController"}
{"@timestamp":"2024-11-13T00:32:07.661+0600","level":"INFO","msg":"Function 1 executed, info log added. Request ID: -624850809","thread_name":"http-nio-8081-exec-9","logger_name":"com.hello.spring.HelloController"}
{"@timestamp":"2024-11-13T00:32:07.661+0600","level":"INFO","msg":"Function 1 executed, info log added. Request ID: -624850809","thread_name":"http-nio-8081-exec-9","logger_name":"com.hello.spring.HelloController"}
{"@timestamp":"2024-11-13T00:32:07.661+0600","level":"INFO","msg":"Function 1 executed, info log added. Request ID: -624850809","thread_name":"http-nio-8081-exec-9","logger_name":"com.hello.spring.HelloController"}
{"@timestamp":"2024-11-13T00:32:07.661+0600","level":"INFO","msg":"Function 1 executed, info log added. Request ID: -624850809","thread_name":"http-nio-8081-exec-9","logger_name":"com.hello.spring.HelloController"}
{"@timestamp":"2024-11-13T00:32:07.661+0600","level":"INFO","msg":"Function 1 executed, info log added. Request ID: -624850809","thread_name":"http-nio-8081-exec-9","logger_name":"com.hello.spring.HelloController"}
{"@timestamp":"2024-11-13T00:32:41.389+0600","level":"INFO","msg":"Starting Application using Java 22.0.1 with PID 232880 (E:\\Code\\Centralized logging\\spring app 1\\out\\production\\classes started by USER in E:\\Code\\Centralized logging\\spring app 1)","thread_name":"main","logger_name":"com.hello.spring.Application"}
{"@timestamp":"2024-11-13T00:32:41.394+0600","level":"INFO","msg":"No active profile set, falling back to 1 default profile: \"default\"","thread_name":"main","logger_name":"com.hello.spring.Application"}
{"@timestamp":"2024-11-13T00:32:41.836+0600","level":"INFO","msg":"Tomcat initialized with port 8081 (http)","thread_name":"main","logger_name":"org.springframework.boot.web.embedded.tomcat.TomcatWebServer"}
{"@timestamp":"2024-11-13T00:32:41.843+0600","level":"INFO","msg":"Starting service [Tomcat]","thread_name":"main","logger_name":"org.apache.catalina.core.StandardService"}
{"@timestamp":"2024-11-13T00:32:41.843+0600","level":"INFO","msg":"Starting Servlet engine: [Apache Tomcat/10.1.31]","thread_name":"main","logger_name":"org.apache.catalina.core.StandardEngine"}
{"@timestamp":"2024-11-13T00:32:41.865+0600","level":"INFO","msg":"Initializing Spring embedded WebApplicationContext","thread_name":"main","logger_name":"org.apache.catalina.core.ContainerBase.[Tomcat].[localhost].[/]"}
{"@timestamp":"2024-11-13T00:32:41.866+0600","level":"INFO","msg":"Root WebApplicationContext: initialization completed in 452 ms","thread_name":"main","logger_name":"org.springframework.boot.web.servlet.context.ServletWebServerApplicationContext"}
{"@timestamp":"2024-11-13T00:32:42.036+0600","level":"INFO","msg":"Tomcat started on port 8081 (http) with context path '/'","thread_name":"main","logger_name":"org.springframework.boot.web.embedded.tomcat.TomcatWebServer"}
{"@timestamp":"2024-11-13T00:32:42.041+0600","level":"INFO","msg":"Started Application in 1.153 seconds (process running for 1.499)","thread_name":"main","logger_name":"com.hello.spring.Application"}
{"@timestamp":"2024-11-13T00:32:42.329+0600","level":"INFO","msg":"Initializing Spring DispatcherServlet 'dispatcherServlet'","thread_name":"http-nio-8081-exec-1","logger_name":"org.apache.catalina.core.ContainerBase.[Tomcat].[localhost].[/]"}
{"@timestamp":"2024-11-13T00:32:42.329+0600","level":"INFO","msg":"Initializing Servlet 'dispatcherServlet'","thread_name":"http-nio-8081-exec-1","logger_name":"org.springframework.web.servlet.DispatcherServlet"}
{"@timestamp":"2024-11-13T00:32:42.330+0600","level":"INFO","msg":"Completed initialization in 1 ms","thread_name":"http-nio-8081-exec-1","logger_name":"org.springframework.web.servlet.DispatcherServlet"}
{"@timestamp":"2024-11-13T00:32:42.354+0600","level":"INFO","msg":"Function 1 executed, info log added. Request ID: 947664155","thread_name":"http-nio-8081-exec-1","logger_name":"com.hello.spring.HelloController"}
{"@timestamp":"2024-11-13T00:32:42.355+0600","level":"INFO","msg":"Function 1 executed, info log added. Request ID: 947664155","thread_name":"http-nio-8081-exec-1","logger_name":"com.hello.spring.HelloController"}
{"@timestamp":"2024-11-13T00:32:42.355+0600","level":"INFO","msg":"Function 1 executed, info log added. Request ID: 947664155","thread_name":"http-nio-8081-exec-1","logger_name":"com.hello.spring.HelloController"}
{"@timestamp":"2024-11-13T00:32:42.461+0600","level":"INFO","msg":"Function 1 executed, info log added. Request ID: 1687668480","thread_name":"http-nio-8081-exec-6","logger_name":"com.hello.spring.HelloController"}
{"@timestamp":"2024-11-13T00:32:42.461+0600","level":"INFO","msg":"Function 1 executed, info log added. Request ID: 1687668480","thread_name":"http-nio-8081-exec-6","logger_name":"com.hello.spring.HelloController"}
{"@timestamp":"2024-11-13T00:32:42.655+0600","level":"INFO","msg":"Function 1 executed, info log added. Request ID: 824098654","thread_name":"http-nio-8081-exec-8","logger_name":"com.hello.spring.HelloController"}
{"@timestamp":"2024-11-13T00:32:42.655+0600","level":"INFO","msg":"Function 1 executed, info log added. Request ID: 824098654","thread_name":"http-nio-8081-exec-8","logger_name":"com.hello.spring.HelloController"}
{"@timestamp":"2024-11-13T00:32:42.838+0600","level":"INFO","msg":"Function 1 executed, info log added. Request ID: -499706962","thread_name":"http-nio-8081-exec-5","logger_name":"com.hello.spring.HelloController"}
{"@timestamp":"2024-11-13T00:32:42.839+0600","level":"INFO","msg":"Function 1 executed, info log added. Request ID: -499706962","thread_name":"http-nio-8081-exec-5","logger_name":"com.hello.spring.HelloController"}
{"@timestamp":"2024-11-13T00:32:42.839+0600","level":"INFO","msg":"Function 1 executed, info log added. Request ID: -499706962","thread_name":"http-nio-8081-exec-5","logger_name":"com.hello.spring.HelloController"}
{"@timestamp":"2024-11-13T00:32:43.045+0600","level":"INFO","msg":"Function 1 executed, info log added. Request ID: -249813878","thread_name":"http-nio-8081-exec-10","logger_name":"com.hello.spring.HelloController"}
{"@timestamp":"2024-11-13T00:32:43.046+0600","level":"INFO","msg":"Function 1 executed, info log added. Request ID: -249813878","thread_name":"http-nio-8081-exec-10","logger_name":"com.hello.spring.HelloController"}
{"@timestamp":"2024-11-13T00:32:43.246+0600","level":"INFO","msg":"Function 1 executed, info log added. Request ID: 1024640724","thread_name":"http-nio-8081-exec-7","logger_name":"com.hello.spring.HelloController"}
{"@timestamp":"2024-11-13T00:32:43.589+0600","level":"INFO","msg":"Function 1 executed, info log added. Request ID: 1124382890","thread_name":"http-nio-8081-exec-9","logger_name":"com.hello.spring.HelloController"}
{"@timestamp":"2024-11-13T00:32:43.765+0600","level":"INFO","msg":"Function 1 executed, info log added. Request ID: 1155603046","thread_name":"http-nio-8081-exec-3","logger_name":"com.hello.spring.HelloController"}
{"@timestamp":"2024-11-13T00:32:43.765+0600","level":"INFO","msg":"Function 1 executed, info log added. Request ID: 1155603046","thread_name":"http-nio-8081-exec-3","logger_name":"com.hello.spring.HelloController"}
{"@timestamp":"2024-11-13T00:32:44.085+0600","level":"INFO","msg":"Function 1 executed, info log added. Request ID: 356840361","thread_name":"http-nio-8081-exec-1","logger_name":"com.hello.spring.HelloController"}
{"@timestamp":"2024-11-13T00:32:44.086+0600","level":"INFO","msg":"Function 1 executed, info log added. Request ID: 356840361","thread_name":"http-nio-8081-exec-1","logger_name":"com.hello.spring.HelloController"}
{"@timestamp":"2024-11-13T00:32:44.086+0600","level":"INFO","msg":"Function 1 executed, info log added. Request ID: 356840361","thread_name":"http-nio-8081-exec-1","logger_name":"com.hello.spring.HelloController"}
{"@timestamp":"2024-11-13T00:32:44.269+0600","level":"INFO","msg":"Function 1 executed, info log added. Request ID: 521486208","thread_name":"http-nio-8081-exec-6","logger_name":"com.hello.spring.HelloController"}
